{
  "stats": {
    "suites": 1,
    "tests": 9,
    "passes": 9,
    "pending": 0,
    "failures": 0,
    "start": "2025-12-02T16:20:13.760Z",
    "end": "2025-12-02T16:20:17.440Z",
    "duration": 3680,
    "testsRegistered": 9,
    "passPercent": 100,
    "pendingPercent": 0,
    "other": 0,
    "hasOther": false,
    "skipped": 0,
    "hasSkipped": false
  },
  "results": [
    {
      "uuid": "83b53e9e-a009-4242-ba2f-abf9b01c5909",
      "title": "",
      "fullFile": "cypress/e2e/constructor.cy.tsx",
      "file": "cypress/e2e/constructor.cy.tsx",
      "beforeHooks": [],
      "afterHooks": [],
      "tests": [],
      "suites": [
        {
          "uuid": "d33751ba-31c8-4912-8114-24f4acb90e5b",
          "title": "Конструктор бургера",
          "fullFile": "",
          "file": "",
          "beforeHooks": [],
          "afterHooks": [],
          "tests": [
            {
              "title": "должен загружать ингредиенты",
              "fullTitle": "Конструктор бургера должен загружать ингредиенты",
              "timedOut": null,
              "duration": 500,
              "state": "passed",
              "speed": "fast",
              "pass": true,
              "fail": false,
              "pending": false,
              "context": null,
              "code": "cy.wait('@getIngredients').then(function () {\n    cy.contains('Краторная булка N-200i').should('be.visible');\n    cy.contains('Биокотлета из марсианской Магнолии').should('be.visible');\n});",
              "err": {},
              "uuid": "84f9d7d2-545e-497a-951b-c169d9332490",
              "parentUUID": "d33751ba-31c8-4912-8114-24f4acb90e5b",
              "isHook": false,
              "skipped": false
            },
            {
              "title": "должен добавлять булку в конструктор",
              "fullTitle": "Конструктор бургера должен добавлять булку в конструктор",
              "timedOut": null,
              "duration": 251,
              "state": "passed",
              "speed": "fast",
              "pass": true,
              "fail": false,
              "pending": false,
              "context": null,
              "code": "cy.wait('@getIngredients');\ncy.addBun('Краторная булка N-200i');\ncy.contains('Краторная булка N-200i (верх)').should('be.visible');\ncy.contains('Краторная булка N-200i (низ)').should('be.visible');",
              "err": {},
              "uuid": "fb818915-1943-4498-bb5b-80a1ad841f4a",
              "parentUUID": "d33751ba-31c8-4912-8114-24f4acb90e5b",
              "isHook": false,
              "skipped": false
            },
            {
              "title": "должен добавлять начинку в конструктор",
              "fullTitle": "Конструктор бургера должен добавлять начинку в конструктор",
              "timedOut": null,
              "duration": 328,
              "state": "passed",
              "speed": "fast",
              "pass": true,
              "fail": false,
              "pending": false,
              "context": null,
              "code": "cy.wait('@getIngredients');\ncy.addBun('Краторная булка N-200i');\ncy.addFilling('Биокотлета из марсианской Магнолии');\ncy.contains('Биокотлета из марсианской Магнолии').should('be.visible');",
              "err": {},
              "uuid": "b4fa6dc4-ca2a-4b98-a69e-185e86a78c4d",
              "parentUUID": "d33751ba-31c8-4912-8114-24f4acb90e5b",
              "isHook": false,
              "skipped": false
            },
            {
              "title": "должен открывать модальное окно ингредиента при клике",
              "fullTitle": "Конструктор бургера должен открывать модальное окно ингредиента при клике",
              "timedOut": null,
              "duration": 346,
              "state": "passed",
              "speed": "fast",
              "pass": true,
              "fail": false,
              "pending": false,
              "context": null,
              "code": "cy.wait('@getIngredients');\ncy.openIngredientModal('Краторная булка N-200i');\ncy.contains('Детали ингредиента').should('be.visible');\ncy.contains('Краторная булка N-200i').should('be.visible');",
              "err": {},
              "uuid": "79a6be7e-b1b7-40e9-a354-d9eff5da0e3b",
              "parentUUID": "d33751ba-31c8-4912-8114-24f4acb90e5b",
              "isHook": false,
              "skipped": false
            },
            {
              "title": "должен закрывать модальное окно по клику на крестик",
              "fullTitle": "Конструктор бургера должен закрывать модальное окно по клику на крестик",
              "timedOut": null,
              "duration": 425,
              "state": "passed",
              "speed": "fast",
              "pass": true,
              "fail": false,
              "pending": false,
              "context": null,
              "code": "cy.wait('@getIngredients');\ncy.openIngredientModal('Краторная булка N-200i');\ncy.contains('Детали ингредиента').should('be.visible');\ncy.closeModal();\ncy.contains('Детали ингредиента').should('not.exist');",
              "err": {},
              "uuid": "5ba962e4-0b20-46b1-8608-5c55e2ed140e",
              "parentUUID": "d33751ba-31c8-4912-8114-24f4acb90e5b",
              "isHook": false,
              "skipped": false
            },
            {
              "title": "должен закрывать модальное окно по клику на оверлей",
              "fullTitle": "Конструктор бургера должен закрывать модальное окно по клику на оверлей",
              "timedOut": null,
              "duration": 379,
              "state": "passed",
              "speed": "fast",
              "pass": true,
              "fail": false,
              "pending": false,
              "context": null,
              "code": "cy.wait('@getIngredients');\ncy.openIngredientModal('Краторная булка N-200i');\ncy.contains('Детали ингредиента').should('be.visible');\ncy.closeModalByOverlay();\ncy.contains('Детали ингредиента').should('not.exist');",
              "err": {},
              "uuid": "cf0c52a0-3a75-45e0-b399-1ed9baa7ba1a",
              "parentUUID": "d33751ba-31c8-4912-8114-24f4acb90e5b",
              "isHook": false,
              "skipped": false
            },
            {
              "title": "должен закрывать модальное окно по нажатию Escape",
              "fullTitle": "Конструктор бургера должен закрывать модальное окно по нажатию Escape",
              "timedOut": null,
              "duration": 377,
              "state": "passed",
              "speed": "fast",
              "pass": true,
              "fail": false,
              "pending": false,
              "context": null,
              "code": "cy.wait('@getIngredients');\ncy.openIngredientModal('Краторная булка N-200i');\ncy.contains('Детали ингредиента').should('be.visible');\ncy.get('body').type('{esc}');\ncy.contains('Детали ингредиента').should('not.exist');",
              "err": {},
              "uuid": "0f2f65d6-935d-49cb-b184-d3b7d5b8d320",
              "parentUUID": "d33751ba-31c8-4912-8114-24f4acb90e5b",
              "isHook": false,
              "skipped": false
            },
            {
              "title": "должен создавать заказ",
              "fullTitle": "Конструктор бургера должен создавать заказ",
              "timedOut": null,
              "duration": 415,
              "state": "passed",
              "speed": "fast",
              "pass": true,
              "fail": false,
              "pending": false,
              "context": null,
              "code": "cy.wait('@getIngredients');\ncy.addBun('Краторная булка N-200i');\ncy.addFilling('Биокотлета из марсианской Магнолии');\ncy.createOrder();\ncy.contains('12345').should('be.visible');\ncy.contains('идентификатор заказа').should('be.visible');",
              "err": {},
              "uuid": "23f5e122-003f-4bf5-a8d8-457337b66cc1",
              "parentUUID": "d33751ba-31c8-4912-8114-24f4acb90e5b",
              "isHook": false,
              "skipped": false
            },
            {
              "title": "должен закрывать модальное окно заказа и очищать конструктор",
              "fullTitle": "Конструктор бургера должен закрывать модальное окно заказа и очищать конструктор",
              "timedOut": null,
              "duration": 453,
              "state": "passed",
              "speed": "fast",
              "pass": true,
              "fail": false,
              "pending": false,
              "context": null,
              "code": "cy.wait('@getIngredients');\ncy.addBun('Краторная булка N-200i');\ncy.addFilling('Биокотлета из марсианской Магнолии');\ncy.createOrder();\ncy.contains('12345').should('be.visible');\ncy.closeModalByOverlay();\ncy.contains('12345').should('not.exist');\ncy.contains('Выберите булки').should('be.visible');\ncy.contains('Выберите начинку').should('be.visible');",
              "err": {},
              "uuid": "89858a8c-d1e2-4d08-b936-a3139c78c639",
              "parentUUID": "d33751ba-31c8-4912-8114-24f4acb90e5b",
              "isHook": false,
              "skipped": false
            }
          ],
          "suites": [],
          "passes": [
            "84f9d7d2-545e-497a-951b-c169d9332490",
            "fb818915-1943-4498-bb5b-80a1ad841f4a",
            "b4fa6dc4-ca2a-4b98-a69e-185e86a78c4d",
            "79a6be7e-b1b7-40e9-a354-d9eff5da0e3b",
            "5ba962e4-0b20-46b1-8608-5c55e2ed140e",
            "cf0c52a0-3a75-45e0-b399-1ed9baa7ba1a",
            "0f2f65d6-935d-49cb-b184-d3b7d5b8d320",
            "23f5e122-003f-4bf5-a8d8-457337b66cc1",
            "89858a8c-d1e2-4d08-b936-a3139c78c639"
          ],
          "failures": [],
          "pending": [],
          "skipped": [],
          "duration": 3474,
          "root": false,
          "rootEmpty": false,
          "_timeout": 2000
        }
      ],
      "passes": [],
      "failures": [],
      "pending": [],
      "skipped": [],
      "duration": 0,
      "root": true,
      "rootEmpty": true,
      "_timeout": 2000
    }
  ],
  "meta": {
    "mocha": {
      "version": "7.0.1"
    },
    "mochawesome": {
      "options": {
        "quiet": false,
        "reportFilename": "mochawesome",
        "saveHtml": true,
        "saveJson": true,
        "consoleReporter": "spec",
        "useInlineDiffs": false,
        "code": true
      },
      "version": "7.1.4"
    },
    "marge": {
      "options": {
        "reportDir": "cypress/reports",
        "overwrite": false,
        "html": true,
        "json": true,
        "timestamp": "mmddyyyy_HHMMss"
      },
      "version": "6.3.2"
    }
  }
}