{
  "stats": {
    "suites": 1,
    "tests": 9,
    "passes": 9,
    "pending": 0,
    "failures": 0,
    "start": "2026-02-26T14:43:32.299Z",
    "end": "2026-02-26T14:43:38.873Z",
    "duration": 6574,
    "testsRegistered": 9,
    "passPercent": 100,
    "pendingPercent": 0,
    "other": 0,
    "hasOther": false,
    "skipped": 0,
    "hasSkipped": false
  },
  "results": [
    {
      "uuid": "c1cc8ea0-521a-483e-a349-e1edf57bfa65",
      "title": "",
      "fullFile": "cypress\\e2e\\constructor.cy.tsx",
      "file": "cypress\\e2e\\constructor.cy.tsx",
      "beforeHooks": [],
      "afterHooks": [],
      "tests": [],
      "suites": [
        {
          "uuid": "35c46f8a-e053-45fe-a55f-acfdc99d476a",
          "title": "Конструктор бургера",
          "fullFile": "",
          "file": "",
          "beforeHooks": [],
          "afterHooks": [],
          "tests": [
            {
              "title": "должен загружать ингредиенты",
              "fullTitle": "Конструктор бургера должен загружать ингредиенты",
              "timedOut": null,
              "duration": 1948,
              "state": "passed",
              "speed": "fast",
              "pass": true,
              "fail": false,
              "pending": false,
              "context": null,
              "code": "cy.contains('Краторная булка N-200i').should('be.visible');\ncy.contains('Биокотлета из марсианской Магнолии').should('be.visible');",
              "err": {},
              "uuid": "3e45428e-6f98-49a5-84f6-ae17ee209e8e",
              "parentUUID": "35c46f8a-e053-45fe-a55f-acfdc99d476a",
              "isHook": false,
              "skipped": false
            },
            {
              "title": "должен добавлять булку в конструктор",
              "fullTitle": "Конструктор бургера должен добавлять булку в конструктор",
              "timedOut": null,
              "duration": 434,
              "state": "passed",
              "speed": "fast",
              "pass": true,
              "fail": false,
              "pending": false,
              "context": null,
              "code": "cy.addBun('Краторная булка N-200i');\ncy.contains('Краторная булка N-200i (верх)').should('be.visible');\ncy.contains('Краторная булка N-200i (низ)').should('be.visible');",
              "err": {},
              "uuid": "067f23a1-aaf7-487e-8e86-58d7d75c35e6",
              "parentUUID": "35c46f8a-e053-45fe-a55f-acfdc99d476a",
              "isHook": false,
              "skipped": false
            },
            {
              "title": "должен добавлять начинку в конструктор",
              "fullTitle": "Конструктор бургера должен добавлять начинку в конструктор",
              "timedOut": null,
              "duration": 501,
              "state": "passed",
              "speed": "fast",
              "pass": true,
              "fail": false,
              "pending": false,
              "context": null,
              "code": "cy.addBun('Краторная булка N-200i');\ncy.addFilling('Биокотлета из марсианской Магнолии');\ncy.contains('Биокотлета из марсианской Магнолии').should('be.visible');",
              "err": {},
              "uuid": "857b9167-f17b-42ef-bb17-133ef8fc3f70",
              "parentUUID": "35c46f8a-e053-45fe-a55f-acfdc99d476a",
              "isHook": false,
              "skipped": false
            },
            {
              "title": "должен открывать модальное окно ингредиента при клике",
              "fullTitle": "Конструктор бургера должен открывать модальное окно ингредиента при клике",
              "timedOut": null,
              "duration": 515,
              "state": "passed",
              "speed": "fast",
              "pass": true,
              "fail": false,
              "pending": false,
              "context": null,
              "code": "cy.openIngredientModal('Краторная булка N-200i');\ncy.contains('Детали ингредиента').should('be.visible');\ncy.contains('Краторная булка N-200i').should('be.visible');\n// Проверяем заголовки столбцов с пищевой ценностью\ncy.contains('Калории, ккал').should('be.visible');\ncy.contains(/Белки,\\s*г/).should('be.visible');\ncy.contains(/Жиры,\\s*г/).should('be.visible');\ncy.contains(/Углеводы,\\s*г/).should('be.visible');\n// Проверяем наличие чисел (значения пищевой ценности)\ncy.contains('420').should('be.visible');",
              "err": {},
              "uuid": "7dde5025-feac-4cdd-90cd-95612c3cacfe",
              "parentUUID": "35c46f8a-e053-45fe-a55f-acfdc99d476a",
              "isHook": false,
              "skipped": false
            },
            {
              "title": "должен закрывать модальное окно по клику на крестик",
              "fullTitle": "Конструктор бургера должен закрывать модальное окно по клику на крестик",
              "timedOut": null,
              "duration": 576,
              "state": "passed",
              "speed": "fast",
              "pass": true,
              "fail": false,
              "pending": false,
              "context": null,
              "code": "cy.openIngredientModal('Краторная булка N-200i');\ncy.contains('Детали ингредиента').should('be.visible');\ncy.closeModal();\ncy.contains('Детали ингредиента').should('not.exist');",
              "err": {},
              "uuid": "855f72f1-806b-4ef3-84b9-631ec4289252",
              "parentUUID": "35c46f8a-e053-45fe-a55f-acfdc99d476a",
              "isHook": false,
              "skipped": false
            },
            {
              "title": "должен закрывать модальное окно по клику на оверлей",
              "fullTitle": "Конструктор бургера должен закрывать модальное окно по клику на оверлей",
              "timedOut": null,
              "duration": 527,
              "state": "passed",
              "speed": "fast",
              "pass": true,
              "fail": false,
              "pending": false,
              "context": null,
              "code": "cy.openIngredientModal('Краторная булка N-200i');\ncy.contains('Детали ингредиента').should('be.visible');\ncy.closeModalByOverlay();\ncy.contains('Детали ингредиента').should('not.exist');",
              "err": {},
              "uuid": "6546e058-2e65-473f-aff9-884b5b65ddce",
              "parentUUID": "35c46f8a-e053-45fe-a55f-acfdc99d476a",
              "isHook": false,
              "skipped": false
            },
            {
              "title": "должен закрывать модальное окно по нажатию Escape",
              "fullTitle": "Конструктор бургера должен закрывать модальное окно по нажатию Escape",
              "timedOut": null,
              "duration": 507,
              "state": "passed",
              "speed": "fast",
              "pass": true,
              "fail": false,
              "pending": false,
              "context": null,
              "code": "cy.openIngredientModal('Краторная булка N-200i');\ncy.contains('Детали ингредиента').should('be.visible');\ncy.get('body').type('{esc}');\ncy.contains('Детали ингредиента').should('not.exist');",
              "err": {},
              "uuid": "a40853a8-f43a-46fd-acad-7717233f6a36",
              "parentUUID": "35c46f8a-e053-45fe-a55f-acfdc99d476a",
              "isHook": false,
              "skipped": false
            },
            {
              "title": "должен создавать заказ",
              "fullTitle": "Конструктор бургера должен создавать заказ",
              "timedOut": null,
              "duration": 566,
              "state": "passed",
              "speed": "fast",
              "pass": true,
              "fail": false,
              "pending": false,
              "context": null,
              "code": "cy.addBun('Краторная булка N-200i');\ncy.addFilling('Биокотлета из марсианской Магнолии');\ncy.createOrder();\ncy.contains('12345').should('be.visible');\ncy.contains('идентификатор заказа').should('be.visible');",
              "err": {},
              "uuid": "b43446d2-3736-4876-9dcc-72cb52b8b1a9",
              "parentUUID": "35c46f8a-e053-45fe-a55f-acfdc99d476a",
              "isHook": false,
              "skipped": false
            },
            {
              "title": "должен закрывать модальное окно заказа и очищать конструктор",
              "fullTitle": "Конструктор бургера должен закрывать модальное окно заказа и очищать конструктор",
              "timedOut": null,
              "duration": 636,
              "state": "passed",
              "speed": "fast",
              "pass": true,
              "fail": false,
              "pending": false,
              "context": null,
              "code": "cy.addBun('Краторная булка N-200i');\ncy.addFilling('Биокотлета из марсианской Магнолии');\ncy.createOrder();\ncy.contains('12345').should('be.visible');\ncy.closeModalByOverlay();\ncy.contains('12345').should('not.exist');\ncy.contains('Выберите булки').should('be.visible');\ncy.contains('Выберите начинку').should('be.visible');",
              "err": {},
              "uuid": "4488087b-5387-48ad-9a3e-84c0b972d98f",
              "parentUUID": "35c46f8a-e053-45fe-a55f-acfdc99d476a",
              "isHook": false,
              "skipped": false
            }
          ],
          "suites": [],
          "passes": [
            "3e45428e-6f98-49a5-84f6-ae17ee209e8e",
            "067f23a1-aaf7-487e-8e86-58d7d75c35e6",
            "857b9167-f17b-42ef-bb17-133ef8fc3f70",
            "7dde5025-feac-4cdd-90cd-95612c3cacfe",
            "855f72f1-806b-4ef3-84b9-631ec4289252",
            "6546e058-2e65-473f-aff9-884b5b65ddce",
            "a40853a8-f43a-46fd-acad-7717233f6a36",
            "b43446d2-3736-4876-9dcc-72cb52b8b1a9",
            "4488087b-5387-48ad-9a3e-84c0b972d98f"
          ],
          "failures": [],
          "pending": [],
          "skipped": [],
          "duration": 6210,
          "root": false,
          "rootEmpty": false,
          "_timeout": 2000
        }
      ],
      "passes": [],
      "failures": [],
      "pending": [],
      "skipped": [],
      "duration": 0,
      "root": true,
      "rootEmpty": true,
      "_timeout": 2000
    }
  ],
  "meta": {
    "mocha": {
      "version": "7.0.1"
    },
    "mochawesome": {
      "options": {
        "quiet": false,
        "reportFilename": "mochawesome",
        "saveHtml": true,
        "saveJson": true,
        "consoleReporter": "spec",
        "useInlineDiffs": false,
        "code": true
      },
      "version": "7.1.4"
    },
    "marge": {
      "options": {
        "reportDir": "cypress/reports",
        "overwrite": false,
        "html": true,
        "json": true,
        "timestamp": "mmddyyyy_HHMMss"
      },
      "version": "6.3.2"
    }
  }
}