{
  "stats": {
    "suites": 1,
    "tests": 9,
    "passes": 9,
    "pending": 0,
    "failures": 0,
    "start": "2025-12-02T16:20:00.447Z",
    "end": "2025-12-02T16:20:04.238Z",
    "duration": 3791,
    "testsRegistered": 9,
    "passPercent": 100,
    "pendingPercent": 0,
    "other": 0,
    "hasOther": false,
    "skipped": 0,
    "hasSkipped": false
  },
  "results": [
    {
      "uuid": "7f28fe09-7e2c-479b-8b63-017b9722c29c",
      "title": "",
      "fullFile": "cypress/e2e/constructor.cy.tsx",
      "file": "cypress/e2e/constructor.cy.tsx",
      "beforeHooks": [],
      "afterHooks": [],
      "tests": [],
      "suites": [
        {
          "uuid": "1f5e57a5-a052-4a64-9a32-2252299bd563",
          "title": "Конструктор бургера",
          "fullFile": "",
          "file": "",
          "beforeHooks": [],
          "afterHooks": [],
          "tests": [
            {
              "title": "должен загружать ингредиенты",
              "fullTitle": "Конструктор бургера должен загружать ингредиенты",
              "timedOut": null,
              "duration": 543,
              "state": "passed",
              "speed": "fast",
              "pass": true,
              "fail": false,
              "pending": false,
              "context": null,
              "code": "cy.wait('@getIngredients').then(function () {\n    cy.contains('Краторная булка N-200i').should('be.visible');\n    cy.contains('Биокотлета из марсианской Магнолии').should('be.visible');\n});",
              "err": {},
              "uuid": "c203783d-f159-4f32-9c57-bf4d34a43872",
              "parentUUID": "1f5e57a5-a052-4a64-9a32-2252299bd563",
              "isHook": false,
              "skipped": false
            },
            {
              "title": "должен добавлять булку в конструктор",
              "fullTitle": "Конструктор бургера должен добавлять булку в конструктор",
              "timedOut": null,
              "duration": 263,
              "state": "passed",
              "speed": "fast",
              "pass": true,
              "fail": false,
              "pending": false,
              "context": null,
              "code": "cy.wait('@getIngredients');\ncy.addBun('Краторная булка N-200i');\ncy.contains('Краторная булка N-200i (верх)').should('be.visible');\ncy.contains('Краторная булка N-200i (низ)').should('be.visible');",
              "err": {},
              "uuid": "359e890c-e622-442d-b50f-b3df9e5ef2eb",
              "parentUUID": "1f5e57a5-a052-4a64-9a32-2252299bd563",
              "isHook": false,
              "skipped": false
            },
            {
              "title": "должен добавлять начинку в конструктор",
              "fullTitle": "Конструктор бургера должен добавлять начинку в конструктор",
              "timedOut": null,
              "duration": 345,
              "state": "passed",
              "speed": "fast",
              "pass": true,
              "fail": false,
              "pending": false,
              "context": null,
              "code": "cy.wait('@getIngredients');\ncy.addBun('Краторная булка N-200i');\ncy.addFilling('Биокотлета из марсианской Магнолии');\ncy.contains('Биокотлета из марсианской Магнолии').should('be.visible');",
              "err": {},
              "uuid": "a14e2ac3-ac97-4757-a825-ee4873e58c5b",
              "parentUUID": "1f5e57a5-a052-4a64-9a32-2252299bd563",
              "isHook": false,
              "skipped": false
            },
            {
              "title": "должен открывать модальное окно ингредиента при клике",
              "fullTitle": "Конструктор бургера должен открывать модальное окно ингредиента при клике",
              "timedOut": null,
              "duration": 338,
              "state": "passed",
              "speed": "fast",
              "pass": true,
              "fail": false,
              "pending": false,
              "context": null,
              "code": "cy.wait('@getIngredients');\ncy.openIngredientModal('Краторная булка N-200i');\ncy.contains('Детали ингредиента').should('be.visible');\ncy.contains('Краторная булка N-200i').should('be.visible');",
              "err": {},
              "uuid": "9271aa5a-7573-4515-9f10-5a7be031c6e4",
              "parentUUID": "1f5e57a5-a052-4a64-9a32-2252299bd563",
              "isHook": false,
              "skipped": false
            },
            {
              "title": "должен закрывать модальное окно по клику на крестик",
              "fullTitle": "Конструктор бургера должен закрывать модальное окно по клику на крестик",
              "timedOut": null,
              "duration": 416,
              "state": "passed",
              "speed": "fast",
              "pass": true,
              "fail": false,
              "pending": false,
              "context": null,
              "code": "cy.wait('@getIngredients');\ncy.openIngredientModal('Краторная булка N-200i');\ncy.contains('Детали ингредиента').should('be.visible');\ncy.closeModal();\ncy.contains('Детали ингредиента').should('not.exist');",
              "err": {},
              "uuid": "82964ca0-f8f1-4efc-bba3-4eef3ec942f1",
              "parentUUID": "1f5e57a5-a052-4a64-9a32-2252299bd563",
              "isHook": false,
              "skipped": false
            },
            {
              "title": "должен закрывать модальное окно по клику на оверлей",
              "fullTitle": "Конструктор бургера должен закрывать модальное окно по клику на оверлей",
              "timedOut": null,
              "duration": 394,
              "state": "passed",
              "speed": "fast",
              "pass": true,
              "fail": false,
              "pending": false,
              "context": null,
              "code": "cy.wait('@getIngredients');\ncy.openIngredientModal('Краторная булка N-200i');\ncy.contains('Детали ингредиента').should('be.visible');\ncy.closeModalByOverlay();\ncy.contains('Детали ингредиента').should('not.exist');",
              "err": {},
              "uuid": "0894ce89-5d49-4f7e-a3ed-962ca2ea5b8c",
              "parentUUID": "1f5e57a5-a052-4a64-9a32-2252299bd563",
              "isHook": false,
              "skipped": false
            },
            {
              "title": "должен закрывать модальное окно по нажатию Escape",
              "fullTitle": "Конструктор бургера должен закрывать модальное окно по нажатию Escape",
              "timedOut": null,
              "duration": 405,
              "state": "passed",
              "speed": "fast",
              "pass": true,
              "fail": false,
              "pending": false,
              "context": null,
              "code": "cy.wait('@getIngredients');\ncy.openIngredientModal('Краторная булка N-200i');\ncy.contains('Детали ингредиента').should('be.visible');\ncy.get('body').type('{esc}');\ncy.contains('Детали ингредиента').should('not.exist');",
              "err": {},
              "uuid": "16cebe6f-700d-4cc5-9907-01848fb35ec2",
              "parentUUID": "1f5e57a5-a052-4a64-9a32-2252299bd563",
              "isHook": false,
              "skipped": false
            },
            {
              "title": "должен создавать заказ",
              "fullTitle": "Конструктор бургера должен создавать заказ",
              "timedOut": null,
              "duration": 410,
              "state": "passed",
              "speed": "fast",
              "pass": true,
              "fail": false,
              "pending": false,
              "context": null,
              "code": "cy.wait('@getIngredients');\ncy.addBun('Краторная булка N-200i');\ncy.addFilling('Биокотлета из марсианской Магнолии');\ncy.createOrder();\ncy.contains('12345').should('be.visible');\ncy.contains('идентификатор заказа').should('be.visible');",
              "err": {},
              "uuid": "c482ed79-0492-427e-93b5-9240d5400fe3",
              "parentUUID": "1f5e57a5-a052-4a64-9a32-2252299bd563",
              "isHook": false,
              "skipped": false
            },
            {
              "title": "должен закрывать модальное окно заказа и очищать конструктор",
              "fullTitle": "Конструктор бургера должен закрывать модальное окно заказа и очищать конструктор",
              "timedOut": null,
              "duration": 460,
              "state": "passed",
              "speed": "fast",
              "pass": true,
              "fail": false,
              "pending": false,
              "context": null,
              "code": "cy.wait('@getIngredients');\ncy.addBun('Краторная булка N-200i');\ncy.addFilling('Биокотлета из марсианской Магнолии');\ncy.createOrder();\ncy.contains('12345').should('be.visible');\ncy.closeModalByOverlay();\ncy.contains('12345').should('not.exist');\ncy.contains('Выберите булки').should('be.visible');\ncy.contains('Выберите начинку').should('be.visible');",
              "err": {},
              "uuid": "4137c2d5-3060-4bf1-9421-2c561fde0f51",
              "parentUUID": "1f5e57a5-a052-4a64-9a32-2252299bd563",
              "isHook": false,
              "skipped": false
            }
          ],
          "suites": [],
          "passes": [
            "c203783d-f159-4f32-9c57-bf4d34a43872",
            "359e890c-e622-442d-b50f-b3df9e5ef2eb",
            "a14e2ac3-ac97-4757-a825-ee4873e58c5b",
            "9271aa5a-7573-4515-9f10-5a7be031c6e4",
            "82964ca0-f8f1-4efc-bba3-4eef3ec942f1",
            "0894ce89-5d49-4f7e-a3ed-962ca2ea5b8c",
            "16cebe6f-700d-4cc5-9907-01848fb35ec2",
            "c482ed79-0492-427e-93b5-9240d5400fe3",
            "4137c2d5-3060-4bf1-9421-2c561fde0f51"
          ],
          "failures": [],
          "pending": [],
          "skipped": [],
          "duration": 3574,
          "root": false,
          "rootEmpty": false,
          "_timeout": 2000
        }
      ],
      "passes": [],
      "failures": [],
      "pending": [],
      "skipped": [],
      "duration": 0,
      "root": true,
      "rootEmpty": true,
      "_timeout": 2000
    }
  ],
  "meta": {
    "mocha": {
      "version": "7.0.1"
    },
    "mochawesome": {
      "options": {
        "quiet": false,
        "reportFilename": "mochawesome",
        "saveHtml": true,
        "saveJson": true,
        "consoleReporter": "spec",
        "useInlineDiffs": false,
        "code": true
      },
      "version": "7.1.4"
    },
    "marge": {
      "options": {
        "reportDir": "cypress/reports",
        "overwrite": false,
        "html": true,
        "json": true,
        "timestamp": "mmddyyyy_HHMMss"
      },
      "version": "6.3.2"
    }
  }
}