{"/Users/neustrroeva/YandexPr/11-sprint/stellar-burgers/stellar-burgers/src/components/app/app.tsx": {"path":"/Users/neustrroeva/YandexPr/11-sprint/stellar-burgers/stellar-burgers/src/components/app/app.tsx","statementMap":{"0":{"start":{"line":1,"column":0},"end":{"line":1,"column":75}},"1":{"start":{"line":2,"column":0},"end":{"line":2,"column":34}},"2":{"start":{"line":3,"column":0},"end":{"line":3,"column":null}},"3":{"start":{"line":14,"column":0},"end":{"line":14,"column":null}},"4":{"start":{"line":21,"column":0},"end":{"line":21,"column":51}},"5":{"start":{"line":22,"column":0},"end":{"line":22,"column":64}},"6":{"start":{"line":23,"column":0},"end":{"line":23,"column":25}},"7":{"start":{"line":24,"column":0},"end":{"line":24,"column":38}},"8":{"start":{"line":26,"column":12},"end":{"line":137,"column":1}},"9":{"start":{"line":27,"column":19},"end":{"line":27,"column":32}},"10":{"start":{"line":28,"column":19},"end":{"line":28,"column":32}},"11":{"start":{"line":29,"column":19},"end":{"line":29,"column":32}},"12":{"start":{"line":30,"column":21},"end":{"line":30,"column":47}},"13":{"start":{"line":32,"column":2},"end":{"line":34,"column":17}},"14":{"start":{"line":33,"column":4},"end":{"line":33,"column":30}},"15":{"start":{"line":36,"column":27},"end":{"line":38,"column":3}},"16":{"start":{"line":37,"column":4},"end":{"line":37,"column":61}},"17":{"start":{"line":40,"column":2},"end":{"line":136,"column":4}},"18":{"start":{"line":139,"column":0},"end":{"line":139,"column":19}}},"fnMap":{"0":{"name":"(anonymous_1)","decl":{"start":{"line":26,"column":12},"end":{"line":26,"column":null}},"loc":{"start":{"line":26,"column":12},"end":{"line":137,"column":1}}},"1":{"name":"(anonymous_2)","decl":{"start":{"line":32,"column":12},"end":{"line":32,"column":null}},"loc":{"start":{"line":32,"column":12},"end":{"line":34,"column":3}}},"2":{"name":"(anonymous_3)","decl":{"start":{"line":36,"column":27},"end":{"line":36,"column":null}},"loc":{"start":{"line":36,"column":27},"end":{"line":38,"column":3}}}},"branchMap":{"0":{"loc":{"start":{"line":30,"column":21},"end":{"line":30,"column":47}},"type":"cond-expr","locations":[{"start":{"line":30,"column":35},"end":{"line":30,"column":37}},{"start":{"line":30,"column":35},"end":{"line":30,"column":47}}]},"1":{"loc":{"start":{"line":30,"column":21},"end":{"line":30,"column":37}},"type":"binary-expr","locations":[{"start":{"line":30,"column":21},"end":{"line":30,"column":37}},{"start":{"line":30,"column":35},"end":{"line":30,"column":37}}]},"2":{"loc":{"start":{"line":37,"column":13},"end":{"line":37,"column":40}},"type":"binary-expr","locations":[{"start":{"line":37,"column":13},"end":{"line":37,"column":33}},{"start":{"line":37,"column":37},"end":{"line":37,"column":40}}]},"3":{"loc":{"start":{"line":37,"column":13},"end":{"line":37,"column":33}},"type":"cond-expr","locations":[{"start":{"line":37,"column":23},"end":{"line":37,"column":25}},{"start":{"line":37,"column":13},"end":{"line":37,"column":33}}]},"4":{"loc":{"start":{"line":37,"column":13},"end":{"line":37,"column":25}},"type":"binary-expr","locations":[{"start":{"line":37,"column":13},"end":{"line":37,"column":25}},{"start":{"line":37,"column":13},"end":{"line":37,"column":25}}]},"5":{"loc":{"start":{"line":43,"column":24},"end":{"line":43,"column":46}},"type":"binary-expr","locations":[{"start":{"line":43,"column":24},"end":{"line":43,"column":34}},{"start":{"line":43,"column":38},"end":{"line":43,"column":46}}]},"6":{"loc":{"start":{"line":107,"column":7},"end":{"line":133,"column":null}},"type":"binary-expr","locations":[{"start":{"line":107,"column":7},"end":{"line":107,"column":17}},{"start":{"line":108,"column":8},"end":{"line":132,"column":null}}]}},"s":{"0":0,"1":0,"2":0,"3":0,"4":0,"5":0,"6":0,"7":0,"8":0,"9":0,"10":0,"11":0,"12":0,"13":0,"14":0,"15":0,"16":0,"17":0,"18":0},"f":{"0":0,"1":0,"2":0},"b":{"0":[0,0],"1":[0,0],"2":[0,0],"3":[0,0],"4":[0,0],"5":[0,0],"6":[0,0]}}
,"/Users/neustrroeva/YandexPr/11-sprint/stellar-burgers/stellar-burgers/src/components/app-header/app-header.tsx": {"path":"/Users/neustrroeva/YandexPr/11-sprint/stellar-burgers/stellar-burgers/src/components/app-header/app-header.tsx","statementMap":{"0":{"start":{"line":2,"column":0},"end":{"line":2,"column":47}},"1":{"start":{"line":3,"column":0},"end":{"line":3,"column":64}},"2":{"start":{"line":4,"column":0},"end":{"line":4,"column":61}},"3":{"start":{"line":5,"column":0},"end":{"line":5,"column":34}},"4":{"start":{"line":7,"column":29},"end":{"line":28,"column":1}},"5":{"start":{"line":8,"column":19},"end":{"line":8,"column":32}},"6":{"start":{"line":9,"column":19},"end":{"line":9,"column":32}},"7":{"start":{"line":10,"column":15},"end":{"line":10,"column":54}},"8":{"start":{"line":10,"column":38},"end":{"line":10,"column":54}},"9":{"start":{"line":12,"column":26},"end":{"line":14,"column":3}},"10":{"start":{"line":13,"column":4},"end":{"line":13,"column":19}},"11":{"start":{"line":16,"column":23},"end":{"line":19,"column":4}},"12":{"start":{"line":17,"column":4},"end":{"line":17,"column":33}},"13":{"start":{"line":18,"column":4},"end":{"line":18,"column":42}},"14":{"start":{"line":21,"column":2},"end":{"line":27,"column":4}},"15":{"start":{"line":7,"column":13},"end":{"line":7,"column":29}}},"fnMap":{"0":{"name":"(anonymous_13)","decl":{"start":{"line":7,"column":29},"end":{"line":7,"column":null}},"loc":{"start":{"line":7,"column":29},"end":{"line":28,"column":1}}},"1":{"name":"(anonymous_14)","decl":{"start":{"line":10,"column":27},"end":{"line":10,"column":28}},"loc":{"start":{"line":10,"column":33},"end":{"line":10,"column":43}}},"2":{"name":"(anonymous_15)","decl":{"start":{"line":12,"column":26},"end":{"line":12,"column":27}},"loc":{"start":{"line":12,"column":39},"end":{"line":14,"column":3}}},"3":{"name":"(anonymous_16)","decl":{"start":{"line":16,"column":23},"end":{"line":16,"column":null}},"loc":{"start":{"line":16,"column":23},"end":{"line":19,"column":4}}}},"branchMap":{"0":{"loc":{"start":{"line":17,"column":4},"end":{"line":17,"column":33}},"type":"switch","locations":[{"start":{"line":17,"column":4},"end":{"line":17,"column":33}}]},"1":{"loc":{"start":{"line":23,"column":16},"end":{"line":23,"column":32}},"type":"binary-expr","locations":[{"start":{"line":23,"column":16},"end":{"line":23,"column":26}},{"start":{"line":23,"column":30},"end":{"line":23,"column":32}}]},"2":{"loc":{"start":{"line":23,"column":16},"end":{"line":23,"column":26}},"type":"cond-expr","locations":[{"start":{"line":23,"column":20},"end":{"line":23,"column":22}},{"start":{"line":23,"column":16},"end":{"line":23,"column":26}}]},"3":{"loc":{"start":{"line":23,"column":16},"end":{"line":23,"column":22}},"type":"binary-expr","locations":[{"start":{"line":23,"column":16},"end":{"line":23,"column":22}},{"start":{"line":23,"column":16},"end":{"line":23,"column":22}}]}},"s":{"0":0,"1":0,"2":0,"3":0,"4":0,"5":0,"6":0,"7":0,"8":0,"9":0,"10":0,"11":0,"12":0,"13":0,"14":0,"15":0},"f":{"0":0,"1":0,"2":0,"3":0},"b":{"0":[0],"1":[0,0],"2":[0,0],"3":[0,0]}}
,"/Users/neustrroeva/YandexPr/11-sprint/stellar-burgers/stellar-burgers/src/components/burger-constructor/burger-constructor.tsx": {"path":"/Users/neustrroeva/YandexPr/11-sprint/stellar-burgers/stellar-burgers/src/components/burger-constructor/burger-constructor.tsx","statementMap":{"0":{"start":{"line":1,"column":0},"end":{"line":1,"column":36}},"1":{"start":{"line":2,"column":0},"end":{"line":2,"column":47}},"2":{"start":{"line":3,"column":0},"end":{"line":3,"column":64}},"3":{"start":{"line":4,"column":0},"end":{"line":4,"column":76}},"4":{"start":{"line":5,"column":0},"end":{"line":5,"column":74}},"5":{"start":{"line":7,"column":0},"end":{"line":7,"column":42}},"6":{"start":{"line":9,"column":37},"end":{"line":75,"column":1}},"7":{"start":{"line":10,"column":19},"end":{"line":10,"column":32}},"8":{"start":{"line":11,"column":19},"end":{"line":11,"column":32}},"9":{"start":{"line":12,"column":14},"end":{"line":12,"column":65}},"10":{"start":{"line":12,"column":37},"end":{"line":12,"column":65}},"11":{"start":{"line":13,"column":22},"end":{"line":14,"column":null}},"12":{"start":{"line":14,"column":15},"end":{"line":14,"column":null}},"13":{"start":{"line":16,"column":23},"end":{"line":16,"column":69}},"14":{"start":{"line":16,"column":46},"end":{"line":16,"column":69}},"15":{"start":{"line":17,"column":23},"end":{"line":17,"column":72}},"16":{"start":{"line":17,"column":46},"end":{"line":17,"column":72}},"17":{"start":{"line":18,"column":15},"end":{"line":18,"column":54}},"18":{"start":{"line":18,"column":38},"end":{"line":18,"column":54}},"19":{"start":{"line":20,"column":27},"end":{"line":23,"column":4}},"20":{"start":{"line":25,"column":23},"end":{"line":47,"column":4}},"21":{"start":{"line":26,"column":4},"end":{"line":28,"column":5}},"22":{"start":{"line":27,"column":6},"end":{"line":27,"column":13}},"23":{"start":{"line":30,"column":4},"end":{"line":33,"column":5}},"24":{"start":{"line":31,"column":6},"end":{"line":31,"column":65}},"25":{"start":{"line":32,"column":6},"end":{"line":32,"column":13}},"26":{"start":{"line":35,"column":10},"end":{"line":39,"column":6}},"27":{"start":{"line":37,"column":64},"end":{"line":37,"column":72}},"28":{"start":{"line":42,"column":6},"end":{"line":42,"column":61}},"29":{"start":{"line":43,"column":6},"end":{"line":43,"column":35}},"30":{"start":{"line":49,"column":26},"end":{"line":51,"column":3}},"31":{"start":{"line":50,"column":4},"end":{"line":50,"column":27}},"32":{"start":{"line":53,"column":16},"end":{"line":62,"column":null}},"33":{"start":{"line":55,"column":6},"end":{"line":61,"column":null}},"34":{"start":{"line":58,"column":54},"end":{"line":58,"column":null}},"35":{"start":{"line":65,"column":2},"end":{"line":74,"column":4}},"36":{"start":{"line":9,"column":13},"end":{"line":9,"column":37}}},"fnMap":{"0":{"name":"(anonymous_14)","decl":{"start":{"line":9,"column":37},"end":{"line":9,"column":null}},"loc":{"start":{"line":9,"column":37},"end":{"line":75,"column":1}}},"1":{"name":"(anonymous_15)","decl":{"start":{"line":12,"column":26},"end":{"line":12,"column":27}},"loc":{"start":{"line":12,"column":32},"end":{"line":12,"column":42}}},"2":{"name":"(anonymous_16)","decl":{"start":{"line":14,"column":4},"end":{"line":14,"column":5}},"loc":{"start":{"line":14,"column":10},"end":{"line":14,"column":20}}},"3":{"name":"(anonymous_17)","decl":{"start":{"line":16,"column":35},"end":{"line":16,"column":36}},"loc":{"start":{"line":16,"column":41},"end":{"line":16,"column":51}}},"4":{"name":"(anonymous_18)","decl":{"start":{"line":17,"column":35},"end":{"line":17,"column":36}},"loc":{"start":{"line":17,"column":41},"end":{"line":17,"column":51}}},"5":{"name":"(anonymous_19)","decl":{"start":{"line":18,"column":27},"end":{"line":18,"column":28}},"loc":{"start":{"line":18,"column":33},"end":{"line":18,"column":43}}},"6":{"name":"(anonymous_20)","decl":{"start":{"line":25,"column":23},"end":{"line":25,"column":null}},"loc":{"start":{"line":25,"column":23},"end":{"line":47,"column":4}}},"7":{"name":"(anonymous_23)","decl":{"start":{"line":37,"column":55},"end":{"line":37,"column":56}},"loc":{"start":{"line":37,"column":59},"end":{"line":37,"column":67}}},"8":{"name":"(anonymous_24)","decl":{"start":{"line":49,"column":26},"end":{"line":49,"column":null}},"loc":{"start":{"line":49,"column":26},"end":{"line":51,"column":3}}},"9":{"name":"(anonymous_25)","decl":{"start":{"line":54,"column":4},"end":{"line":54,"column":null}},"loc":{"start":{"line":54,"column":4},"end":{"line":55,"column":7}}},"10":{"name":"(anonymous_26)","decl":{"start":{"line":58,"column":12},"end":{"line":58,"column":13}},"loc":{"start":{"line":58,"column":49},"end":{"line":58,"column":55}}}},"branchMap":{"0":{"loc":{"start":{"line":22,"column":17},"end":{"line":22,"column":62}},"type":"cond-expr","locations":[{"start":{"line":22,"column":46},"end":{"line":22,"column":57}},{"start":{"line":22,"column":60},"end":{"line":22,"column":62}}]},"1":{"loc":{"start":{"line":26,"column":4},"end":{"line":28,"column":5}},"type":"if","locations":[{"start":{"line":26,"column":4},"end":{"line":28,"column":5}}]},"2":{"loc":{"start":{"line":26,"column":8},"end":{"line":26,"column":28}},"type":"binary-expr","locations":[{"start":{"line":26,"column":8},"end":{"line":26,"column":12}},{"start":{"line":26,"column":16},"end":{"line":26,"column":28}}]},"3":{"loc":{"start":{"line":30,"column":4},"end":{"line":33,"column":5}},"type":"if","locations":[{"start":{"line":30,"column":4},"end":{"line":33,"column":5}}]},"4":{"loc":{"start":{"line":37,"column":10},"end":{"line":37,"column":77}},"type":"cond-expr","locations":[{"start":{"line":37,"column":39},"end":{"line":37,"column":72}},{"start":{"line":37,"column":75},"end":{"line":37,"column":77}}]},"5":{"loc":{"start":{"line":55,"column":7},"end":{"line":55,"column":30}},"type":"cond-expr","locations":[{"start":{"line":55,"column":13},"end":{"line":55,"column":26}},{"start":{"line":55,"column":29},"end":{"line":55,"column":30}}]},"6":{"loc":{"start":{"line":56,"column":7},"end":{"line":61,"column":11}},"type":"cond-expr","locations":[{"start":{"line":57,"column":10},"end":{"line":59,"column":null}},{"start":{"line":61,"column":10},"end":{"line":61,"column":11}}]}},"s":{"0":0,"1":0,"2":0,"3":0,"4":0,"5":0,"6":0,"7":0,"8":0,"9":0,"10":0,"11":0,"12":0,"13":0,"14":0,"15":0,"16":0,"17":0,"18":0,"19":0,"20":0,"21":0,"22":0,"23":0,"24":0,"25":0,"26":0,"27":0,"28":0,"29":0,"30":0,"31":0,"32":0,"33":0,"34":0,"35":0,"36":0},"f":{"0":0,"1":0,"2":0,"3":0,"4":0,"5":0,"6":0,"7":0,"8":0,"9":0,"10":0},"b":{"0":[0,0],"1":[0],"2":[0,0],"3":[0],"4":[0,0],"5":[0,0],"6":[0,0]}}
,"/Users/neustrroeva/YandexPr/11-sprint/stellar-burgers/stellar-burgers/src/components/burger-constructor-element/burger-constructor-element.tsx": {"path":"/Users/neustrroeva/YandexPr/11-sprint/stellar-burgers/stellar-burgers/src/components/burger-constructor-element/burger-constructor-element.tsx","statementMap":{"0":{"start":{"line":1,"column":0},"end":{"line":1,"column":33}},"1":{"start":{"line":2,"column":0},"end":{"line":2,"column":51}},"2":{"start":{"line":3,"column":0},"end":{"line":3,"column":null}},"3":{"start":{"line":7,"column":0},"end":{"line":7,"column":49}},"4":{"start":{"line":10,"column":13},"end":{"line":41,"column":2}},"5":{"start":{"line":11,"column":15},"end":{"line":11,"column":17}},"6":{"start":{"line":11,"column":22},"end":{"line":11,"column":24}},"7":{"start":{"line":11,"column":34},"end":{"line":11,"column":36}},"8":{"start":{"line":12,"column":21},"end":{"line":12,"column":34}},"9":{"start":{"line":14,"column":27},"end":{"line":18,"column":5}},"10":{"start":{"line":15,"column":6},"end":{"line":17,"column":7}},"11":{"start":{"line":16,"column":8},"end":{"line":16,"column":78}},"12":{"start":{"line":20,"column":25},"end":{"line":24,"column":5}},"13":{"start":{"line":21,"column":6},"end":{"line":23,"column":7}},"14":{"start":{"line":22,"column":8},"end":{"line":22,"column":78}},"15":{"start":{"line":26,"column":24},"end":{"line":28,"column":5}},"16":{"start":{"line":27,"column":6},"end":{"line":27,"column":40}},"17":{"start":{"line":30,"column":4},"end":{"line":39,"column":6}}},"fnMap":{"0":{"name":"(anonymous_0)","decl":{"start":{"line":11,"column":2},"end":{"line":11,"column":3}},"loc":{"start":{"line":11,"column":36},"end":{"line":40,"column":3}}},"1":{"name":"(anonymous_1)","decl":{"start":{"line":14,"column":27},"end":{"line":14,"column":null}},"loc":{"start":{"line":14,"column":27},"end":{"line":18,"column":5}}},"2":{"name":"(anonymous_2)","decl":{"start":{"line":20,"column":25},"end":{"line":20,"column":null}},"loc":{"start":{"line":20,"column":25},"end":{"line":24,"column":5}}},"3":{"name":"(anonymous_3)","decl":{"start":{"line":26,"column":24},"end":{"line":26,"column":null}},"loc":{"start":{"line":26,"column":24},"end":{"line":28,"column":5}}}},"branchMap":{"0":{"loc":{"start":{"line":15,"column":6},"end":{"line":17,"column":7}},"type":"if","locations":[{"start":{"line":15,"column":6},"end":{"line":17,"column":7}}]},"1":{"loc":{"start":{"line":21,"column":6},"end":{"line":23,"column":7}},"type":"if","locations":[{"start":{"line":21,"column":6},"end":{"line":23,"column":7}}]}},"s":{"0":0,"1":0,"2":0,"3":0,"4":0,"5":0,"6":0,"7":0,"8":0,"9":0,"10":0,"11":0,"12":0,"13":0,"14":0,"15":0,"16":0,"17":0},"f":{"0":0,"1":0,"2":0,"3":0},"b":{"0":[0],"1":[0]}}
,"/Users/neustrroeva/YandexPr/11-sprint/stellar-burgers/stellar-burgers/src/components/burger-ingredient/burger-ingredient.tsx": {"path":"/Users/neustrroeva/YandexPr/11-sprint/stellar-burgers/stellar-burgers/src/components/burger-ingredient/burger-ingredient.tsx","statementMap":{"0":{"start":{"line":1,"column":0},"end":{"line":1,"column":33}},"1":{"start":{"line":2,"column":0},"end":{"line":2,"column":47}},"2":{"start":{"line":3,"column":0},"end":{"line":3,"column":64}},"3":{"start":{"line":4,"column":0},"end":{"line":4,"column":36}},"4":{"start":{"line":5,"column":0},"end":{"line":5,"column":79}},"5":{"start":{"line":6,"column":0},"end":{"line":6,"column":41}},"6":{"start":{"line":9,"column":13},"end":{"line":45,"column":2}},"7":{"start":{"line":10,"column":15},"end":{"line":10,"column":17}},"8":{"start":{"line":10,"column":22},"end":{"line":10,"column":24}},"9":{"start":{"line":11,"column":21},"end":{"line":11,"column":34}},"10":{"start":{"line":12,"column":21},"end":{"line":12,"column":34}},"11":{"start":{"line":13,"column":27},"end":{"line":13,"column":78}},"12":{"start":{"line":13,"column":50},"end":{"line":13,"column":78}},"13":{"start":{"line":14,"column":35},"end":{"line":15,"column":null}},"14":{"start":{"line":15,"column":17},"end":{"line":15,"column":null}},"15":{"start":{"line":18,"column":22},"end":{"line":24,"column":5}},"16":{"start":{"line":19,"column":6},"end":{"line":23,"column":7}},"17":{"start":{"line":20,"column":8},"end":{"line":20,"column":58}},"18":{"start":{"line":22,"column":8},"end":{"line":22,"column":65}},"19":{"start":{"line":27,"column":6},"end":{"line":34,"column":13}},"20":{"start":{"line":32,"column":52},"end":{"line":32,"column":80}},"21":{"start":{"line":36,"column":4},"end":{"line":43,"column":6}}},"fnMap":{"0":{"name":"(anonymous_2)","decl":{"start":{"line":10,"column":2},"end":{"line":10,"column":3}},"loc":{"start":{"line":10,"column":24},"end":{"line":44,"column":3}}},"1":{"name":"(anonymous_3)","decl":{"start":{"line":13,"column":39},"end":{"line":13,"column":40}},"loc":{"start":{"line":13,"column":45},"end":{"line":13,"column":55}}},"2":{"name":"(anonymous_4)","decl":{"start":{"line":15,"column":6},"end":{"line":15,"column":7}},"loc":{"start":{"line":15,"column":12},"end":{"line":15,"column":22}}},"3":{"name":"(anonymous_5)","decl":{"start":{"line":18,"column":22},"end":{"line":18,"column":null}},"loc":{"start":{"line":18,"column":22},"end":{"line":24,"column":5}}},"4":{"name":"(anonymous_6)","decl":{"start":{"line":32,"column":42},"end":{"line":32,"column":43}},"loc":{"start":{"line":32,"column":47},"end":{"line":32,"column":56}}}},"branchMap":{"0":{"loc":{"start":{"line":19,"column":6},"end":{"line":23,"column":7}},"type":"if","locations":[{"start":{"line":19,"column":6},"end":{"line":23,"column":7}},{"start":{"line":21,"column":13},"end":{"line":23,"column":7}}]},"1":{"loc":{"start":{"line":27,"column":6},"end":{"line":34,"column":13}},"type":"cond-expr","locations":[{"start":{"line":28,"column":10},"end":{"line":30,"column":13}},{"start":{"line":31,"column":10},"end":{"line":34,"column":13}}]},"2":{"loc":{"start":{"line":28,"column":10},"end":{"line":30,"column":13}},"type":"cond-expr","locations":[{"start":{"line":29,"column":12},"end":{"line":29,"column":13}},{"start":{"line":30,"column":12},"end":{"line":30,"column":13}}]},"3":{"loc":{"start":{"line":28,"column":10},"end":{"line":28,"column":29}},"type":"cond-expr","locations":[{"start":{"line":28,"column":24},"end":{"line":28,"column":26}},{"start":{"line":28,"column":10},"end":{"line":28,"column":29}}]},"4":{"loc":{"start":{"line":28,"column":10},"end":{"line":28,"column":26}},"type":"binary-expr","locations":[{"start":{"line":28,"column":10},"end":{"line":28,"column":26}},{"start":{"line":28,"column":10},"end":{"line":28,"column":26}}]},"5":{"loc":{"start":{"line":31,"column":10},"end":{"line":34,"column":13}},"type":"cond-expr","locations":[{"start":{"line":32,"column":12},"end":{"line":33,"column":21}},{"start":{"line":34,"column":12},"end":{"line":34,"column":13}}]}},"s":{"0":0,"1":0,"2":0,"3":0,"4":0,"5":0,"6":0,"7":0,"8":0,"9":0,"10":0,"11":0,"12":0,"13":0,"14":0,"15":0,"16":0,"17":0,"18":0,"19":0,"20":0,"21":0},"f":{"0":0,"1":0,"2":0,"3":0,"4":0},"b":{"0":[0,0],"1":[0,0],"2":[0,0],"3":[0,0],"4":[0,0],"5":[0,0]}}
,"/Users/neustrroeva/YandexPr/11-sprint/stellar-burgers/stellar-burgers/src/components/burger-ingredients/burger-ingredients.tsx": {"path":"/Users/neustrroeva/YandexPr/11-sprint/stellar-burgers/stellar-burgers/src/components/burger-ingredients/burger-ingredients.tsx","statementMap":{"0":{"start":{"line":1,"column":0},"end":{"line":1,"column":65}},"1":{"start":{"line":2,"column":0},"end":{"line":2,"column":56}},"2":{"start":{"line":3,"column":0},"end":{"line":3,"column":51}},"3":{"start":{"line":6,"column":0},"end":{"line":6,"column":63}},"4":{"start":{"line":8,"column":37},"end":{"line":76,"column":1}},"5":{"start":{"line":9,"column":22},"end":{"line":9,"column":75}},"6":{"start":{"line":9,"column":45},"end":{"line":9,"column":75}},"7":{"start":{"line":11,"column":15},"end":{"line":13,"column":null}},"8":{"start":{"line":12,"column":10},"end":{"line":12,"column":null}},"9":{"start":{"line":12,"column":45},"end":{"line":12,"column":71}},"10":{"start":{"line":15,"column":16},"end":{"line":17,"column":null}},"11":{"start":{"line":16,"column":10},"end":{"line":16,"column":null}},"12":{"start":{"line":16,"column":45},"end":{"line":16,"column":72}},"13":{"start":{"line":19,"column":17},"end":{"line":21,"column":null}},"14":{"start":{"line":20,"column":10},"end":{"line":20,"column":null}},"15":{"start":{"line":20,"column":45},"end":{"line":20,"column":73}},"16":{"start":{"line":24,"column":38},"end":{"line":24,"column":63}},"17":{"start":{"line":24,"column":19},"end":{"line":24,"column":21}},"18":{"start":{"line":24,"column":34},"end":{"line":24,"column":38}},"19":{"start":{"line":25,"column":22},"end":{"line":25,"column":54}},"20":{"start":{"line":26,"column":23},"end":{"line":26,"column":55}},"21":{"start":{"line":27,"column":25},"end":{"line":27,"column":57}},"22":{"start":{"line":29,"column":32},"end":{"line":31,"column":4}},"23":{"start":{"line":29,"column":16},"end":{"line":29,"column":18}},"24":{"start":{"line":29,"column":28},"end":{"line":29,"column":32}},"25":{"start":{"line":33,"column":36},"end":{"line":35,"column":4}},"26":{"start":{"line":33,"column":17},"end":{"line":33,"column":19}},"27":{"start":{"line":33,"column":32},"end":{"line":33,"column":36}},"28":{"start":{"line":37,"column":36},"end":{"line":39,"column":4}},"29":{"start":{"line":37,"column":18},"end":{"line":37,"column":20}},"30":{"start":{"line":37,"column":32},"end":{"line":37,"column":36}},"31":{"start":{"line":41,"column":2},"end":{"line":49,"column":48}},"32":{"start":{"line":42,"column":4},"end":{"line":48,"column":5}},"33":{"start":{"line":43,"column":6},"end":{"line":43,"column":27}},"34":{"start":{"line":44,"column":11},"end":{"line":48,"column":5}},"35":{"start":{"line":45,"column":6},"end":{"line":45,"column":29}},"36":{"start":{"line":46,"column":11},"end":{"line":48,"column":5}},"37":{"start":{"line":47,"column":6},"end":{"line":47,"column":28}},"38":{"start":{"line":51,"column":21},"end":{"line":59,"column":3}},"39":{"start":{"line":52,"column":4},"end":{"line":52,"column":35}},"40":{"start":{"line":53,"column":4},"end":{"line":54,"column":66}},"41":{"start":{"line":54,"column":6},"end":{"line":54,"column":66}},"42":{"start":{"line":55,"column":4},"end":{"line":56,"column":67}},"43":{"start":{"line":56,"column":6},"end":{"line":56,"column":67}},"44":{"start":{"line":57,"column":4},"end":{"line":58,"column":69}},"45":{"start":{"line":58,"column":6},"end":{"line":58,"column":69}},"46":{"start":{"line":61,"column":2},"end":{"line":75,"column":4}},"47":{"start":{"line":8,"column":13},"end":{"line":8,"column":37}}},"fnMap":{"0":{"name":"(anonymous_0)","decl":{"start":{"line":8,"column":37},"end":{"line":8,"column":null}},"loc":{"start":{"line":8,"column":37},"end":{"line":76,"column":1}}},"1":{"name":"(anonymous_1)","decl":{"start":{"line":9,"column":34},"end":{"line":9,"column":35}},"loc":{"start":{"line":9,"column":40},"end":{"line":9,"column":50}}},"2":{"name":"(anonymous_2)","decl":{"start":{"line":12,"column":4},"end":{"line":12,"column":10}},"loc":{"start":{"line":12,"column":4},"end":{"line":12,"column":21}}},"3":{"name":"(anonymous_3)","decl":{"start":{"line":12,"column":29},"end":{"line":12,"column":30}},"loc":{"start":{"line":12,"column":40},"end":{"line":12,"column":55}}},"4":{"name":"(anonymous_4)","decl":{"start":{"line":16,"column":4},"end":{"line":16,"column":10}},"loc":{"start":{"line":16,"column":4},"end":{"line":16,"column":21}}},"5":{"name":"(anonymous_5)","decl":{"start":{"line":16,"column":29},"end":{"line":16,"column":30}},"loc":{"start":{"line":16,"column":40},"end":{"line":16,"column":55}}},"6":{"name":"(anonymous_6)","decl":{"start":{"line":20,"column":4},"end":{"line":20,"column":10}},"loc":{"start":{"line":20,"column":4},"end":{"line":20,"column":21}}},"7":{"name":"(anonymous_7)","decl":{"start":{"line":20,"column":29},"end":{"line":20,"column":30}},"loc":{"start":{"line":20,"column":40},"end":{"line":20,"column":55}}},"8":{"name":"(anonymous_8)","decl":{"start":{"line":41,"column":12},"end":{"line":41,"column":null}},"loc":{"start":{"line":41,"column":12},"end":{"line":49,"column":3}}},"9":{"name":"(anonymous_9)","decl":{"start":{"line":51,"column":21},"end":{"line":51,"column":22}},"loc":{"start":{"line":51,"column":33},"end":{"line":59,"column":3}}}},"branchMap":{"0":{"loc":{"start":{"line":42,"column":4},"end":{"line":48,"column":5}},"type":"if","locations":[{"start":{"line":42,"column":4},"end":{"line":48,"column":5}},{"start":{"line":44,"column":11},"end":{"line":48,"column":5}}]},"1":{"loc":{"start":{"line":44,"column":11},"end":{"line":48,"column":5}},"type":"if","locations":[{"start":{"line":44,"column":11},"end":{"line":48,"column":5}},{"start":{"line":46,"column":11},"end":{"line":48,"column":5}}]},"2":{"loc":{"start":{"line":46,"column":11},"end":{"line":48,"column":5}},"type":"if","locations":[{"start":{"line":46,"column":11},"end":{"line":48,"column":5}}]},"3":{"loc":{"start":{"line":53,"column":4},"end":{"line":54,"column":66}},"type":"if","locations":[{"start":{"line":53,"column":4},"end":{"line":54,"column":66}}]},"4":{"loc":{"start":{"line":54,"column":6},"end":{"line":54,"column":65}},"type":"cond-expr","locations":[{"start":{"line":54,"column":25},"end":{"line":54,"column":27}},{"start":{"line":54,"column":25},"end":{"line":54,"column":65}}]},"5":{"loc":{"start":{"line":54,"column":6},"end":{"line":54,"column":27}},"type":"binary-expr","locations":[{"start":{"line":54,"column":6},"end":{"line":54,"column":27}},{"start":{"line":54,"column":25},"end":{"line":54,"column":27}}]},"6":{"loc":{"start":{"line":55,"column":4},"end":{"line":56,"column":67}},"type":"if","locations":[{"start":{"line":55,"column":4},"end":{"line":56,"column":67}}]},"7":{"loc":{"start":{"line":56,"column":6},"end":{"line":56,"column":66}},"type":"cond-expr","locations":[{"start":{"line":56,"column":26},"end":{"line":56,"column":28}},{"start":{"line":56,"column":26},"end":{"line":56,"column":66}}]},"8":{"loc":{"start":{"line":56,"column":6},"end":{"line":56,"column":28}},"type":"binary-expr","locations":[{"start":{"line":56,"column":6},"end":{"line":56,"column":28}},{"start":{"line":56,"column":26},"end":{"line":56,"column":28}}]},"9":{"loc":{"start":{"line":57,"column":4},"end":{"line":58,"column":69}},"type":"if","locations":[{"start":{"line":57,"column":4},"end":{"line":58,"column":69}}]},"10":{"loc":{"start":{"line":58,"column":6},"end":{"line":58,"column":68}},"type":"cond-expr","locations":[{"start":{"line":58,"column":28},"end":{"line":58,"column":30}},{"start":{"line":58,"column":28},"end":{"line":58,"column":68}}]},"11":{"loc":{"start":{"line":58,"column":6},"end":{"line":58,"column":30}},"type":"binary-expr","locations":[{"start":{"line":58,"column":6},"end":{"line":58,"column":30}},{"start":{"line":58,"column":28},"end":{"line":58,"column":30}}]}},"s":{"0":0,"1":0,"2":0,"3":0,"4":0,"5":0,"6":0,"7":0,"8":0,"9":0,"10":0,"11":0,"12":0,"13":0,"14":0,"15":0,"16":0,"17":0,"18":0,"19":0,"20":0,"21":0,"22":0,"23":0,"24":0,"25":0,"26":0,"27":0,"28":0,"29":0,"30":0,"31":0,"32":0,"33":0,"34":0,"35":0,"36":0,"37":0,"38":0,"39":0,"40":0,"41":0,"42":0,"43":0,"44":0,"45":0,"46":0,"47":0},"f":{"0":0,"1":0,"2":0,"3":0,"4":0,"5":0,"6":0,"7":0,"8":0,"9":0},"b":{"0":[0,0],"1":[0,0],"2":[0],"3":[0],"4":[0,0],"5":[0,0],"6":[0],"7":[0,0],"8":[0,0],"9":[0],"10":[0,0],"11":[0,0]}}
,"/Users/neustrroeva/YandexPr/11-sprint/stellar-burgers/stellar-burgers/src/components/feed-info/feed-info.tsx": {"path":"/Users/neustrroeva/YandexPr/11-sprint/stellar-burgers/stellar-burgers/src/components/feed-info/feed-info.tsx","statementMap":{"0":{"start":{"line":2,"column":0},"end":{"line":2,"column":51}},"1":{"start":{"line":5,"column":0},"end":{"line":5,"column":45}},"2":{"start":{"line":7,"column":18},"end":{"line":8,"column":8}},"3":{"start":{"line":8,"column":2},"end":{"line":11,"column":18}},"4":{"start":{"line":9,"column":22},"end":{"line":9,"column":45}},"5":{"start":{"line":10,"column":19},"end":{"line":10,"column":31}},"6":{"start":{"line":13,"column":28},"end":{"line":33,"column":1}},"7":{"start":{"line":14,"column":17},"end":{"line":14,"column":59}},"8":{"start":{"line":14,"column":40},"end":{"line":14,"column":59}},"9":{"start":{"line":15,"column":16},"end":{"line":15,"column":57}},"10":{"start":{"line":15,"column":39},"end":{"line":15,"column":57}},"11":{"start":{"line":16,"column":21},"end":{"line":16,"column":67}},"12":{"start":{"line":16,"column":44},"end":{"line":16,"column":67}},"13":{"start":{"line":18,"column":22},"end":{"line":18,"column":47}},"14":{"start":{"line":19,"column":24},"end":{"line":19,"column":52}},"15":{"start":{"line":21,"column":15},"end":{"line":24,"column":4}},"16":{"start":{"line":26,"column":2},"end":{"line":32,"column":4}},"17":{"start":{"line":13,"column":13},"end":{"line":13,"column":28}}},"fnMap":{"0":{"name":"(anonymous_0)","decl":{"start":{"line":7,"column":18},"end":{"line":7,"column":19}},"loc":{"start":{"line":7,"column":51},"end":{"line":8,"column":8}}},"1":{"name":"(anonymous_1)","decl":{"start":{"line":9,"column":12},"end":{"line":9,"column":13}},"loc":{"start":{"line":9,"column":17},"end":{"line":9,"column":26}}},"2":{"name":"(anonymous_2)","decl":{"start":{"line":10,"column":9},"end":{"line":10,"column":10}},"loc":{"start":{"line":10,"column":14},"end":{"line":10,"column":23}}},"3":{"name":"(anonymous_3)","decl":{"start":{"line":13,"column":28},"end":{"line":13,"column":null}},"loc":{"start":{"line":13,"column":28},"end":{"line":33,"column":1}}},"4":{"name":"(anonymous_4)","decl":{"start":{"line":14,"column":29},"end":{"line":14,"column":30}},"loc":{"start":{"line":14,"column":35},"end":{"line":14,"column":45}}},"5":{"name":"(anonymous_5)","decl":{"start":{"line":15,"column":28},"end":{"line":15,"column":29}},"loc":{"start":{"line":15,"column":34},"end":{"line":15,"column":44}}},"6":{"name":"(anonymous_6)","decl":{"start":{"line":16,"column":33},"end":{"line":16,"column":34}},"loc":{"start":{"line":16,"column":39},"end":{"line":16,"column":49}}}},"branchMap":{},"s":{"0":0,"1":0,"2":0,"3":0,"4":0,"5":0,"6":0,"7":0,"8":0,"9":0,"10":0,"11":0,"12":0,"13":0,"14":0,"15":0,"16":0,"17":0},"f":{"0":0,"1":0,"2":0,"3":0,"4":0,"5":0,"6":0},"b":{}}
,"/Users/neustrroeva/YandexPr/11-sprint/stellar-burgers/stellar-burgers/src/components/ingredient-details/ingredient-details.tsx": {"path":"/Users/neustrroeva/YandexPr/11-sprint/stellar-burgers/stellar-burgers/src/components/ingredient-details/ingredient-details.tsx","statementMap":{"0":{"start":{"line":2,"column":0},"end":{"line":2,"column":45}},"1":{"start":{"line":3,"column":0},"end":{"line":3,"column":51}},"2":{"start":{"line":4,"column":0},"end":{"line":4,"column":44}},"3":{"start":{"line":5,"column":0},"end":{"line":5,"column":63}},"4":{"start":{"line":7,"column":37},"end":{"line":17,"column":1}},"5":{"start":{"line":8,"column":17},"end":{"line":8,"column":45}},"6":{"start":{"line":9,"column":22},"end":{"line":9,"column":75}},"7":{"start":{"line":9,"column":45},"end":{"line":9,"column":75}},"8":{"start":{"line":10,"column":25},"end":{"line":10,"column":66}},"9":{"start":{"line":10,"column":51},"end":{"line":10,"column":66}},"10":{"start":{"line":12,"column":2},"end":{"line":14,"column":3}},"11":{"start":{"line":13,"column":4},"end":{"line":13,"column":25}},"12":{"start":{"line":16,"column":2},"end":{"line":16,"column":65}},"13":{"start":{"line":7,"column":13},"end":{"line":7,"column":37}}},"fnMap":{"0":{"name":"(anonymous_0)","decl":{"start":{"line":7,"column":37},"end":{"line":7,"column":null}},"loc":{"start":{"line":7,"column":37},"end":{"line":17,"column":1}}},"1":{"name":"(anonymous_1)","decl":{"start":{"line":9,"column":34},"end":{"line":9,"column":35}},"loc":{"start":{"line":9,"column":40},"end":{"line":9,"column":50}}},"2":{"name":"(anonymous_2)","decl":{"start":{"line":10,"column":42},"end":{"line":10,"column":43}},"loc":{"start":{"line":10,"column":46},"end":{"line":10,"column":54}}}},"branchMap":{"0":{"loc":{"start":{"line":12,"column":2},"end":{"line":14,"column":3}},"type":"if","locations":[{"start":{"line":12,"column":2},"end":{"line":14,"column":3}}]}},"s":{"0":0,"1":0,"2":0,"3":0,"4":0,"5":0,"6":0,"7":0,"8":0,"9":0,"10":0,"11":0,"12":0,"13":0},"f":{"0":0,"1":0,"2":0},"b":{"0":[0]}}
,"/Users/neustrroeva/YandexPr/11-sprint/stellar-burgers/stellar-burgers/src/components/ingredients-category/ingredients-category.tsx": {"path":"/Users/neustrroeva/YandexPr/11-sprint/stellar-burgers/stellar-burgers/src/components/ingredients-category/ingredients-category.tsx","statementMap":{"0":{"start":{"line":1,"column":0},"end":{"line":1,"column":44}},"1":{"start":{"line":2,"column":0},"end":{"line":2,"column":51}},"2":{"start":{"line":4,"column":0},"end":{"line":4,"column":67}},"3":{"start":{"line":6,"column":13},"end":{"line":36,"column":3}},"4":{"start":{"line":9,"column":10},"end":{"line":9,"column":12}},"5":{"start":{"line":9,"column":20},"end":{"line":9,"column":22}},"6":{"start":{"line":9,"column":33},"end":{"line":9,"column":35}},"7":{"start":{"line":10,"column":14},"end":{"line":10,"column":65}},"8":{"start":{"line":10,"column":37},"end":{"line":10,"column":65}},"9":{"start":{"line":11,"column":33},"end":{"line":12,"column":null}},"10":{"start":{"line":12,"column":15},"end":{"line":12,"column":null}},"11":{"start":{"line":15,"column":30},"end":{"line":25,"column":35}},"12":{"start":{"line":16,"column":48},"end":{"line":16,"column":50}},"13":{"start":{"line":17,"column":4},"end":{"line":22,"column":5}},"14":{"start":{"line":18,"column":6},"end":{"line":21,"column":9}},"15":{"start":{"line":19,"column":8},"end":{"line":19,"column":68}},"16":{"start":{"line":19,"column":39},"end":{"line":19,"column":68}},"17":{"start":{"line":20,"column":8},"end":{"line":20,"column":35}},"18":{"start":{"line":23,"column":4},"end":{"line":23,"column":35}},"19":{"start":{"line":23,"column":13},"end":{"line":23,"column":35}},"20":{"start":{"line":24,"column":4},"end":{"line":24,"column":20}},"21":{"start":{"line":27,"column":2},"end":{"line":35,"column":4}}},"fnMap":{"0":{"name":"(anonymous_0)","decl":{"start":{"line":9,"column":2},"end":{"line":9,"column":3}},"loc":{"start":{"line":9,"column":40},"end":{"line":36,"column":1}}},"1":{"name":"(anonymous_1)","decl":{"start":{"line":10,"column":26},"end":{"line":10,"column":27}},"loc":{"start":{"line":10,"column":32},"end":{"line":10,"column":42}}},"2":{"name":"(anonymous_2)","decl":{"start":{"line":12,"column":4},"end":{"line":12,"column":5}},"loc":{"start":{"line":12,"column":10},"end":{"line":12,"column":20}}},"3":{"name":"(anonymous_3)","decl":{"start":{"line":15,"column":38},"end":{"line":15,"column":null}},"loc":{"start":{"line":15,"column":38},"end":{"line":25,"column":3}}},"4":{"name":"(anonymous_4)","decl":{"start":{"line":18,"column":37},"end":{"line":18,"column":38}},"loc":{"start":{"line":18,"column":48},"end":{"line":21,"column":7}}}},"branchMap":{"0":{"loc":{"start":{"line":17,"column":4},"end":{"line":22,"column":5}},"type":"if","locations":[{"start":{"line":17,"column":4},"end":{"line":22,"column":5}}]},"1":{"loc":{"start":{"line":19,"column":8},"end":{"line":19,"column":68}},"type":"if","locations":[{"start":{"line":19,"column":8},"end":{"line":19,"column":68}}]},"2":{"loc":{"start":{"line":23,"column":4},"end":{"line":23,"column":35}},"type":"if","locations":[{"start":{"line":23,"column":4},"end":{"line":23,"column":35}}]}},"s":{"0":0,"1":0,"2":0,"3":0,"4":0,"5":0,"6":0,"7":0,"8":0,"9":0,"10":0,"11":0,"12":0,"13":0,"14":0,"15":0,"16":0,"17":0,"18":0,"19":0,"20":0,"21":0},"f":{"0":0,"1":0,"2":0,"3":0,"4":0},"b":{"0":[0],"1":[0],"2":[0]}}
,"/Users/neustrroeva/YandexPr/11-sprint/stellar-burgers/stellar-burgers/src/components/modal/modal.tsx": {"path":"/Users/neustrroeva/YandexPr/11-sprint/stellar-burgers/stellar-burgers/src/components/modal/modal.tsx","statementMap":{"0":{"start":{"line":1,"column":0},"end":{"line":1,"column":44}},"1":{"start":{"line":2,"column":0},"end":{"line":2,"column":33}},"2":{"start":{"line":5,"column":0},"end":{"line":5,"column":30}},"3":{"start":{"line":7,"column":18},"end":{"line":7,"column":51}},"4":{"start":{"line":9,"column":13},"end":{"line":27,"column":3}},"5":{"start":{"line":9,"column":51},"end":{"line":9,"column":53}},"6":{"start":{"line":9,"column":60},"end":{"line":9,"column":62}},"7":{"start":{"line":9,"column":70},"end":{"line":9,"column":72}},"8":{"start":{"line":10,"column":2},"end":{"line":19,"column":16}},"9":{"start":{"line":11,"column":22},"end":{"line":13,"column":5}},"10":{"start":{"line":12,"column":6},"end":{"line":12,"column":38}},"11":{"start":{"line":15,"column":4},"end":{"line":15,"column":52}},"12":{"start":{"line":16,"column":4},"end":{"line":18,"column":6}},"13":{"start":{"line":17,"column":6},"end":{"line":17,"column":57}},"14":{"start":{"line":21,"column":2},"end":{"line":26,"column":4}}},"fnMap":{"0":{"name":"(anonymous_1)","decl":{"start":{"line":9,"column":43},"end":{"line":9,"column":44}},"loc":{"start":{"line":9,"column":72},"end":{"line":27,"column":1}}},"1":{"name":"(anonymous_2)","decl":{"start":{"line":10,"column":12},"end":{"line":10,"column":null}},"loc":{"start":{"line":10,"column":12},"end":{"line":19,"column":3}}},"2":{"name":"(anonymous_3)","decl":{"start":{"line":11,"column":22},"end":{"line":11,"column":23}},"loc":{"start":{"line":11,"column":39},"end":{"line":13,"column":5}}},"3":{"name":"(anonymous_4)","decl":{"start":{"line":16,"column":11},"end":{"line":16,"column":null}},"loc":{"start":{"line":16,"column":11},"end":{"line":18,"column":5}}}},"branchMap":{"0":{"loc":{"start":{"line":12,"column":6},"end":{"line":12,"column":37}},"type":"binary-expr","locations":[{"start":{"line":12,"column":6},"end":{"line":12,"column":24}},{"start":{"line":12,"column":28},"end":{"line":12,"column":37}}]}},"s":{"0":0,"1":0,"2":0,"3":0,"4":0,"5":0,"6":0,"7":0,"8":0,"9":0,"10":0,"11":0,"12":0,"13":0,"14":0},"f":{"0":0,"1":0,"2":0,"3":0},"b":{"0":[0,0]}}
,"/Users/neustrroeva/YandexPr/11-sprint/stellar-burgers/stellar-burgers/src/components/order-card/order-card.tsx": {"path":"/Users/neustrroeva/YandexPr/11-sprint/stellar-burgers/stellar-burgers/src/components/order-card/order-card.tsx","statementMap":{"0":{"start":{"line":1,"column":0},"end":{"line":1,"column":42}},"1":{"start":{"line":2,"column":0},"end":{"line":2,"column":47}},"2":{"start":{"line":3,"column":0},"end":{"line":3,"column":51}},"3":{"start":{"line":7,"column":0},"end":{"line":7,"column":47}},"4":{"start":{"line":9,"column":23},"end":{"line":9,"column":24}},"5":{"start":{"line":11,"column":13},"end":{"line":56,"column":3}},"6":{"start":{"line":11,"column":58},"end":{"line":11,"column":60}},"7":{"start":{"line":12,"column":19},"end":{"line":12,"column":32}},"8":{"start":{"line":13,"column":22},"end":{"line":13,"column":75}},"9":{"start":{"line":13,"column":45},"end":{"line":13,"column":75}},"10":{"start":{"line":15,"column":20},"end":{"line":45,"column":26}},"11":{"start":{"line":16,"column":4},"end":{"line":16,"column":41}},"12":{"start":{"line":16,"column":29},"end":{"line":16,"column":41}},"13":{"start":{"line":18,"column":28},"end":{"line":24,"column":null}},"14":{"start":{"line":20,"column":27},"end":{"line":20,"column":70}},"15":{"start":{"line":20,"column":53},"end":{"line":20,"column":70}},"16":{"start":{"line":21,"column":8},"end":{"line":21,"column":52}},"17":{"start":{"line":21,"column":24},"end":{"line":21,"column":52}},"18":{"start":{"line":22,"column":8},"end":{"line":22,"column":19}},"19":{"start":{"line":27,"column":18},"end":{"line":27,"column":76}},"20":{"start":{"line":27,"column":56},"end":{"line":27,"column":74}},"21":{"start":{"line":29,"column":30},"end":{"line":29,"column":70}},"22":{"start":{"line":32,"column":6},"end":{"line":34,"column":11}},"23":{"start":{"line":36,"column":17},"end":{"line":36,"column":42}},"24":{"start":{"line":37,"column":4},"end":{"line":43,"column":null}},"25":{"start":{"line":47,"column":2},"end":{"line":47,"column":30}},"26":{"start":{"line":47,"column":18},"end":{"line":47,"column":30}},"27":{"start":{"line":49,"column":2},"end":{"line":55,"column":4}}},"fnMap":{"0":{"name":"(anonymous_3)","decl":{"start":{"line":11,"column":50},"end":{"line":11,"column":51}},"loc":{"start":{"line":11,"column":60},"end":{"line":56,"column":1}}},"1":{"name":"(anonymous_4)","decl":{"start":{"line":13,"column":34},"end":{"line":13,"column":35}},"loc":{"start":{"line":13,"column":40},"end":{"line":13,"column":50}}},"2":{"name":"(anonymous_5)","decl":{"start":{"line":15,"column":28},"end":{"line":15,"column":null}},"loc":{"start":{"line":15,"column":28},"end":{"line":45,"column":3}}},"3":{"name":"(anonymous_6)","decl":{"start":{"line":19,"column":6},"end":{"line":19,"column":7}},"loc":{"start":{"line":19,"column":39},"end":{"line":23,"column":7}}},"4":{"name":"(anonymous_7)","decl":{"start":{"line":20,"column":44},"end":{"line":20,"column":45}},"loc":{"start":{"line":20,"column":48},"end":{"line":20,"column":56}}},"5":{"name":"(anonymous_8)","decl":{"start":{"line":27,"column":41},"end":{"line":27,"column":42}},"loc":{"start":{"line":27,"column":51},"end":{"line":27,"column":59}}}},"branchMap":{"0":{"loc":{"start":{"line":16,"column":4},"end":{"line":16,"column":41}},"type":"if","locations":[{"start":{"line":16,"column":4},"end":{"line":16,"column":41}}]},"1":{"loc":{"start":{"line":21,"column":8},"end":{"line":21,"column":52}},"type":"if","locations":[{"start":{"line":21,"column":8},"end":{"line":21,"column":52}}]},"2":{"loc":{"start":{"line":32,"column":6},"end":{"line":34,"column":11}},"type":"cond-expr","locations":[{"start":{"line":33,"column":10},"end":{"line":33,"column":49}},{"start":{"line":34,"column":10},"end":{"line":34,"column":11}}]},"3":{"loc":{"start":{"line":47,"column":2},"end":{"line":47,"column":30}},"type":"if","locations":[{"start":{"line":47,"column":2},"end":{"line":47,"column":30}}]}},"s":{"0":0,"1":0,"2":0,"3":0,"4":0,"5":0,"6":0,"7":0,"8":0,"9":0,"10":0,"11":0,"12":0,"13":0,"14":0,"15":0,"16":0,"17":0,"18":0,"19":0,"20":0,"21":0,"22":0,"23":0,"24":0,"25":0,"26":0,"27":0},"f":{"0":0,"1":0,"2":0,"3":0,"4":0,"5":0},"b":{"0":[0],"1":[0],"2":[0,0],"3":[0]}}
,"/Users/neustrroeva/YandexPr/11-sprint/stellar-burgers/stellar-burgers/src/components/order-info/order-info.tsx": {"path":"/Users/neustrroeva/YandexPr/11-sprint/stellar-burgers/stellar-burgers/src/components/order-info/order-info.tsx","statementMap":{"0":{"start":{"line":1,"column":0},"end":{"line":1,"column":47}},"1":{"start":{"line":2,"column":0},"end":{"line":2,"column":58}},"2":{"start":{"line":3,"column":0},"end":{"line":3,"column":64}},"3":{"start":{"line":4,"column":0},"end":{"line":4,"column":101}},"4":{"start":{"line":5,"column":0},"end":{"line":5,"column":103}},"5":{"start":{"line":6,"column":0},"end":{"line":6,"column":44}},"6":{"start":{"line":7,"column":0},"end":{"line":7,"column":47}},"7":{"start":{"line":10,"column":29},"end":{"line":80,"column":1}},"8":{"start":{"line":11,"column":21},"end":{"line":11,"column":53}},"9":{"start":{"line":12,"column":19},"end":{"line":12,"column":32}},"10":{"start":{"line":13,"column":19},"end":{"line":13,"column":32}},"11":{"start":{"line":14,"column":22},"end":{"line":14,"column":75}},"12":{"start":{"line":14,"column":45},"end":{"line":14,"column":75}},"13":{"start":{"line":16,"column":22},"end":{"line":16,"column":59}},"14":{"start":{"line":17,"column":23},"end":{"line":19,"column":55}},"15":{"start":{"line":18,"column":29},"end":{"line":18,"column":54}},"16":{"start":{"line":19,"column":29},"end":{"line":19,"column":55}},"17":{"start":{"line":21,"column":2},"end":{"line":30,"column":38}},"18":{"start":{"line":22,"column":4},"end":{"line":29,"column":5}},"19":{"start":{"line":23,"column":26},"end":{"line":23,"column":40}},"20":{"start":{"line":24,"column":6},"end":{"line":28,"column":7}},"21":{"start":{"line":25,"column":8},"end":{"line":25,"column":59}},"22":{"start":{"line":27,"column":8},"end":{"line":27,"column":60}},"23":{"start":{"line":32,"column":20},"end":{"line":32,"column":32}},"24":{"start":{"line":34,"column":20},"end":{"line":73,"column":30}},"25":{"start":{"line":35,"column":4},"end":{"line":35,"column":55}},"26":{"start":{"line":35,"column":43},"end":{"line":35,"column":55}},"27":{"start":{"line":37,"column":17},"end":{"line":37,"column":46}},"28":{"start":{"line":43,"column":28},"end":{"line":59,"column":null}},"29":{"start":{"line":45,"column":8},"end":{"line":55,"column":9}},"30":{"start":{"line":46,"column":29},"end":{"line":46,"column":72}},"31":{"start":{"line":46,"column":55},"end":{"line":46,"column":72}},"32":{"start":{"line":47,"column":10},"end":{"line":52,"column":11}},"33":{"start":{"line":48,"column":12},"end":{"line":51,"column":14}},"34":{"start":{"line":54,"column":10},"end":{"line":54,"column":28}},"35":{"start":{"line":57,"column":8},"end":{"line":57,"column":19}},"36":{"start":{"line":62,"column":18},"end":{"line":64,"column":null}},"37":{"start":{"line":63,"column":21},"end":{"line":63,"column":null}},"38":{"start":{"line":67,"column":4},"end":{"line":71,"column":null}},"39":{"start":{"line":75,"column":2},"end":{"line":77,"column":3}},"40":{"start":{"line":76,"column":4},"end":{"line":76,"column":25}},"41":{"start":{"line":79,"column":2},"end":{"line":79,"column":47}},"42":{"start":{"line":10,"column":13},"end":{"line":10,"column":29}}},"fnMap":{"0":{"name":"(anonymous_2)","decl":{"start":{"line":10,"column":29},"end":{"line":10,"column":null}},"loc":{"start":{"line":10,"column":29},"end":{"line":80,"column":1}}},"1":{"name":"(anonymous_3)","decl":{"start":{"line":14,"column":34},"end":{"line":14,"column":35}},"loc":{"start":{"line":14,"column":40},"end":{"line":14,"column":50}}},"2":{"name":"(anonymous_4)","decl":{"start":{"line":18,"column":18},"end":{"line":18,"column":19}},"loc":{"start":{"line":18,"column":24},"end":{"line":18,"column":34}}},"3":{"name":"(anonymous_5)","decl":{"start":{"line":19,"column":18},"end":{"line":19,"column":19}},"loc":{"start":{"line":19,"column":24},"end":{"line":19,"column":34}}},"4":{"name":"(anonymous_6)","decl":{"start":{"line":21,"column":12},"end":{"line":21,"column":null}},"loc":{"start":{"line":21,"column":12},"end":{"line":30,"column":3}}},"5":{"name":"(anonymous_7)","decl":{"start":{"line":34,"column":28},"end":{"line":34,"column":null}},"loc":{"start":{"line":34,"column":28},"end":{"line":73,"column":3}}},"6":{"name":"(anonymous_8)","decl":{"start":{"line":44,"column":6},"end":{"line":44,"column":7}},"loc":{"start":{"line":44,"column":47},"end":{"line":58,"column":7}}},"7":{"name":"(anonymous_9)","decl":{"start":{"line":46,"column":46},"end":{"line":46,"column":47}},"loc":{"start":{"line":46,"column":50},"end":{"line":46,"column":58}}},"8":{"name":"(anonymous_10)","decl":{"start":{"line":63,"column":6},"end":{"line":63,"column":7}},"loc":{"start":{"line":63,"column":16},"end":{"line":63,"column":24}}}},"branchMap":{"0":{"loc":{"start":{"line":17,"column":23},"end":{"line":19,"column":55}},"type":"cond-expr","locations":[{"start":{"line":18,"column":6},"end":{"line":18,"column":54}},{"start":{"line":19,"column":6},"end":{"line":19,"column":55}}]},"1":{"loc":{"start":{"line":22,"column":4},"end":{"line":29,"column":5}},"type":"if","locations":[{"start":{"line":22,"column":4},"end":{"line":29,"column":5}}]},"2":{"loc":{"start":{"line":24,"column":6},"end":{"line":28,"column":7}},"type":"if","locations":[{"start":{"line":24,"column":6},"end":{"line":28,"column":7}},{"start":{"line":26,"column":13},"end":{"line":28,"column":7}}]},"3":{"loc":{"start":{"line":35,"column":4},"end":{"line":35,"column":55}},"type":"if","locations":[{"start":{"line":35,"column":4},"end":{"line":35,"column":55}}]},"4":{"loc":{"start":{"line":35,"column":8},"end":{"line":35,"column":41}},"type":"binary-expr","locations":[{"start":{"line":35,"column":8},"end":{"line":35,"column":18}},{"start":{"line":35,"column":22},"end":{"line":35,"column":41}}]},"5":{"loc":{"start":{"line":45,"column":8},"end":{"line":55,"column":9}},"type":"if","locations":[{"start":{"line":45,"column":8},"end":{"line":55,"column":9}},{"start":{"line":53,"column":15},"end":{"line":55,"column":9}}]},"6":{"loc":{"start":{"line":47,"column":10},"end":{"line":52,"column":11}},"type":"if","locations":[{"start":{"line":47,"column":10},"end":{"line":52,"column":11}}]},"7":{"loc":{"start":{"line":75,"column":2},"end":{"line":77,"column":3}},"type":"if","locations":[{"start":{"line":75,"column":2},"end":{"line":77,"column":3}}]}},"s":{"0":0,"1":0,"2":0,"3":0,"4":0,"5":0,"6":0,"7":0,"8":0,"9":0,"10":0,"11":0,"12":0,"13":0,"14":0,"15":0,"16":0,"17":0,"18":0,"19":0,"20":0,"21":0,"22":0,"23":0,"24":0,"25":0,"26":0,"27":0,"28":0,"29":0,"30":0,"31":0,"32":0,"33":0,"34":0,"35":0,"36":0,"37":0,"38":0,"39":0,"40":0,"41":0,"42":0},"f":{"0":0,"1":0,"2":0,"3":0,"4":0,"5":0,"6":0,"7":0,"8":0},"b":{"0":[0,0],"1":[0],"2":[0,0],"3":[0],"4":[0,0],"5":[0,0],"6":[0],"7":[0]}}
,"/Users/neustrroeva/YandexPr/11-sprint/stellar-burgers/stellar-burgers/src/components/order-status/order-status.tsx": {"path":"/Users/neustrroeva/YandexPr/11-sprint/stellar-burgers/stellar-burgers/src/components/order-status/order-status.tsx","statementMap":{"0":{"start":{"line":3,"column":0},"end":{"line":3,"column":36}},"1":{"start":{"line":5,"column":46},"end":{"line":9,"column":2}},"2":{"start":{"line":11,"column":49},"end":{"line":27,"column":1}},"3":{"start":{"line":11,"column":58},"end":{"line":11,"column":60}},"4":{"start":{"line":12,"column":18},"end":{"line":12,"column":20}},"5":{"start":{"line":13,"column":2},"end":{"line":22,"column":3}},"6":{"start":{"line":15,"column":6},"end":{"line":15,"column":28}},"7":{"start":{"line":16,"column":6},"end":{"line":16,"column":12}},"8":{"start":{"line":18,"column":6},"end":{"line":18,"column":28}},"9":{"start":{"line":19,"column":6},"end":{"line":19,"column":12}},"10":{"start":{"line":21,"column":6},"end":{"line":21,"column":28}},"11":{"start":{"line":24,"column":2},"end":{"line":26,"column":4}},"12":{"start":{"line":11,"column":13},"end":{"line":11,"column":49}}},"fnMap":{"0":{"name":"(anonymous_0)","decl":{"start":{"line":11,"column":49},"end":{"line":11,"column":50}},"loc":{"start":{"line":11,"column":60},"end":{"line":27,"column":1}}}},"branchMap":{"0":{"loc":{"start":{"line":13,"column":2},"end":{"line":22,"column":3}},"type":"switch","locations":[{"start":{"line":14,"column":4},"end":{"line":16,"column":12}},{"start":{"line":17,"column":4},"end":{"line":19,"column":12}},{"start":{"line":20,"column":4},"end":{"line":21,"column":28}}]},"1":{"loc":{"start":{"line":25,"column":47},"end":{"line":25,"column":75}},"type":"binary-expr","locations":[{"start":{"line":25,"column":47},"end":{"line":25,"column":65}},{"start":{"line":25,"column":69},"end":{"line":25,"column":75}}]}},"s":{"0":0,"1":0,"2":0,"3":0,"4":0,"5":0,"6":0,"7":0,"8":0,"9":0,"10":0,"11":0,"12":0},"f":{"0":0},"b":{"0":[0,0,0],"1":[0,0]}}
,"/Users/neustrroeva/YandexPr/11-sprint/stellar-burgers/stellar-burgers/src/components/orders-list/orders-list.tsx": {"path":"/Users/neustrroeva/YandexPr/11-sprint/stellar-burgers/stellar-burgers/src/components/orders-list/orders-list.tsx","statementMap":{"0":{"start":{"line":1,"column":0},"end":{"line":1,"column":33}},"1":{"start":{"line":4,"column":0},"end":{"line":4,"column":35}},"2":{"start":{"line":6,"column":13},"end":{"line":12,"column":3}},"3":{"start":{"line":6,"column":61},"end":{"line":6,"column":63}},"4":{"start":{"line":7,"column":22},"end":{"line":8,"column":null}},"5":{"start":{"line":8,"column":14},"end":{"line":8,"column":null}},"6":{"start":{"line":11,"column":2},"end":{"line":11,"column":52}}},"fnMap":{"0":{"name":"(anonymous_1)","decl":{"start":{"line":6,"column":52},"end":{"line":6,"column":53}},"loc":{"start":{"line":6,"column":63},"end":{"line":12,"column":1}}},"1":{"name":"(anonymous_2)","decl":{"start":{"line":8,"column":4},"end":{"line":8,"column":5}},"loc":{"start":{"line":8,"column":9},"end":{"line":8,"column":18}}}},"branchMap":{},"s":{"0":0,"1":0,"2":0,"3":0,"4":0,"5":0,"6":0},"f":{"0":0,"1":0},"b":{}}
,"/Users/neustrroeva/YandexPr/11-sprint/stellar-burgers/stellar-burgers/src/components/profile-menu/profile-menu.tsx": {"path":"/Users/neustrroeva/YandexPr/11-sprint/stellar-burgers/stellar-burgers/src/components/profile-menu/profile-menu.tsx","statementMap":{"0":{"start":{"line":2,"column":0},"end":{"line":2,"column":60}},"1":{"start":{"line":3,"column":0},"end":{"line":3,"column":51}},"2":{"start":{"line":4,"column":0},"end":{"line":4,"column":61}},"3":{"start":{"line":5,"column":0},"end":{"line":5,"column":36}},"4":{"start":{"line":7,"column":31},"end":{"line":18,"column":1}},"5":{"start":{"line":8,"column":23},"end":{"line":8,"column":37}},"6":{"start":{"line":9,"column":19},"end":{"line":9,"column":32}},"7":{"start":{"line":10,"column":19},"end":{"line":10,"column":32}},"8":{"start":{"line":12,"column":23},"end":{"line":15,"column":4}},"9":{"start":{"line":13,"column":4},"end":{"line":13,"column":33}},"10":{"start":{"line":14,"column":4},"end":{"line":14,"column":42}},"11":{"start":{"line":17,"column":2},"end":{"line":17,"column":75}},"12":{"start":{"line":7,"column":13},"end":{"line":7,"column":31}}},"fnMap":{"0":{"name":"(anonymous_13)","decl":{"start":{"line":7,"column":31},"end":{"line":7,"column":null}},"loc":{"start":{"line":7,"column":31},"end":{"line":18,"column":1}}},"1":{"name":"(anonymous_14)","decl":{"start":{"line":12,"column":23},"end":{"line":12,"column":null}},"loc":{"start":{"line":12,"column":23},"end":{"line":15,"column":4}}}},"branchMap":{"0":{"loc":{"start":{"line":13,"column":4},"end":{"line":13,"column":33}},"type":"switch","locations":[{"start":{"line":13,"column":4},"end":{"line":13,"column":33}}]}},"s":{"0":0,"1":0,"2":0,"3":0,"4":0,"5":0,"6":0,"7":0,"8":0,"9":0,"10":0,"11":0,"12":0},"f":{"0":0,"1":0},"b":{"0":[0]}}
,"/Users/neustrroeva/YandexPr/11-sprint/stellar-burgers/stellar-burgers/src/components/protected-route/protected-route.tsx": {"path":"/Users/neustrroeva/YandexPr/11-sprint/stellar-burgers/stellar-burgers/src/components/protected-route/protected-route.tsx","statementMap":{"0":{"start":{"line":2,"column":0},"end":{"line":2,"column":57}},"1":{"start":{"line":3,"column":0},"end":{"line":3,"column":51}},"2":{"start":{"line":4,"column":0},"end":{"line":4,"column":44}},"3":{"start":{"line":11,"column":56},"end":{"line":33,"column":1}},"4":{"start":{"line":12,"column":2},"end":{"line":12,"column":12}},"5":{"start":{"line":12,"column":12},"end":{"line":12,"column":null}},"6":{"start":{"line":13,"column":10},"end":{"line":13,"column":null}},"7":{"start":{"line":15,"column":19},"end":{"line":15,"column":32}},"8":{"start":{"line":16,"column":15},"end":{"line":16,"column":54}},"9":{"start":{"line":16,"column":38},"end":{"line":16,"column":54}},"10":{"start":{"line":17,"column":24},"end":{"line":17,"column":72}},"11":{"start":{"line":17,"column":47},"end":{"line":17,"column":72}},"12":{"start":{"line":19,"column":2},"end":{"line":21,"column":3}},"13":{"start":{"line":20,"column":4},"end":{"line":20,"column":25}},"14":{"start":{"line":23,"column":2},"end":{"line":26,"column":3}},"15":{"start":{"line":24,"column":17},"end":{"line":24,"column":54}},"16":{"start":{"line":25,"column":4},"end":{"line":25,"column":42}},"17":{"start":{"line":28,"column":2},"end":{"line":30,"column":3}},"18":{"start":{"line":29,"column":4},"end":{"line":29,"column":71}},"19":{"start":{"line":32,"column":2},"end":{"line":32,"column":18}},"20":{"start":{"line":11,"column":13},"end":{"line":11,"column":56}}},"fnMap":{"0":{"name":"(anonymous_0)","decl":{"start":{"line":11,"column":56},"end":{"line":11,"column":57}},"loc":{"start":{"line":14,"column":1},"end":{"line":33,"column":1}}},"1":{"name":"(anonymous_1)","decl":{"start":{"line":16,"column":27},"end":{"line":16,"column":28}},"loc":{"start":{"line":16,"column":33},"end":{"line":16,"column":43}}},"2":{"name":"(anonymous_2)","decl":{"start":{"line":17,"column":36},"end":{"line":17,"column":37}},"loc":{"start":{"line":17,"column":42},"end":{"line":17,"column":52}}}},"branchMap":{"0":{"loc":{"start":{"line":12,"column":12},"end":{"line":12,"column":null}},"type":"cond-expr","locations":[{"start":{"line":12,"column":15},"end":{"line":12,"column":20}},{"start":{"line":12,"column":20},"end":{"line":12,"column":null}}]},"1":{"loc":{"start":{"line":19,"column":2},"end":{"line":21,"column":3}},"type":"if","locations":[{"start":{"line":19,"column":2},"end":{"line":21,"column":3}}]},"2":{"loc":{"start":{"line":23,"column":2},"end":{"line":26,"column":3}},"type":"if","locations":[{"start":{"line":23,"column":2},"end":{"line":26,"column":3}}]},"3":{"loc":{"start":{"line":23,"column":6},"end":{"line":23,"column":24}},"type":"binary-expr","locations":[{"start":{"line":23,"column":6},"end":{"line":23,"column":16}},{"start":{"line":23,"column":20},"end":{"line":23,"column":24}}]},"4":{"loc":{"start":{"line":24,"column":17},"end":{"line":24,"column":54}},"type":"binary-expr","locations":[{"start":{"line":24,"column":17},"end":{"line":24,"column":47}},{"start":{"line":24,"column":51},"end":{"line":24,"column":54}}]},"5":{"loc":{"start":{"line":24,"column":17},"end":{"line":24,"column":47}},"type":"cond-expr","locations":[{"start":{"line":24,"column":37},"end":{"line":24,"column":39}},{"start":{"line":24,"column":37},"end":{"line":24,"column":47}}]},"6":{"loc":{"start":{"line":24,"column":17},"end":{"line":24,"column":39}},"type":"binary-expr","locations":[{"start":{"line":24,"column":17},"end":{"line":24,"column":39}},{"start":{"line":24,"column":37},"end":{"line":24,"column":39}}]},"7":{"loc":{"start":{"line":24,"column":17},"end":{"line":24,"column":37}},"type":"cond-expr","locations":[{"start":{"line":24,"column":31},"end":{"line":24,"column":33}},{"start":{"line":24,"column":31},"end":{"line":24,"column":37}}]},"8":{"loc":{"start":{"line":24,"column":17},"end":{"line":24,"column":33}},"type":"binary-expr","locations":[{"start":{"line":24,"column":17},"end":{"line":24,"column":33}},{"start":{"line":24,"column":31},"end":{"line":24,"column":33}}]},"9":{"loc":{"start":{"line":28,"column":2},"end":{"line":30,"column":3}},"type":"if","locations":[{"start":{"line":28,"column":2},"end":{"line":30,"column":3}}]},"10":{"loc":{"start":{"line":28,"column":6},"end":{"line":28,"column":26}},"type":"binary-expr","locations":[{"start":{"line":28,"column":6},"end":{"line":28,"column":17}},{"start":{"line":28,"column":21},"end":{"line":28,"column":26}}]}},"s":{"0":0,"1":0,"2":0,"3":0,"4":0,"5":0,"6":0,"7":0,"8":0,"9":0,"10":0,"11":0,"12":0,"13":0,"14":0,"15":0,"16":0,"17":0,"18":0,"19":0,"20":0},"f":{"0":0,"1":0,"2":0},"b":{"0":[0,0],"1":[0],"2":[0],"3":[0,0],"4":[0,0],"5":[0,0],"6":[0,0],"7":[0,0],"8":[0,0],"9":[0],"10":[0,0]}}
,"/Users/neustrroeva/YandexPr/11-sprint/stellar-burgers/stellar-burgers/src/components/ui/app-header/app-header.tsx": {"path":"/Users/neustrroeva/YandexPr/11-sprint/stellar-burgers/stellar-burgers/src/components/ui/app-header/app-header.tsx","statementMap":{"0":{"start":{"line":2,"column":0},"end":{"line":2,"column":56}},"1":{"start":{"line":3,"column":0},"end":{"line":3,"column":45}},"2":{"start":{"line":5,"column":0},"end":{"line":5,"column":null}},"3":{"start":{"line":12,"column":50},"end":{"line":111,"column":1}},"4":{"start":{"line":13,"column":10},"end":{"line":13,"column":null}},"5":{"start":{"line":14,"column":17},"end":{"line":14,"column":null}},"6":{"start":{"line":15,"column":14},"end":{"line":15,"column":null}},"7":{"start":{"line":17,"column":19},"end":{"line":17,"column":32}},"8":{"start":{"line":19,"column":26},"end":{"line":21,"column":3}},"9":{"start":{"line":20,"column":4},"end":{"line":20,"column":25}},"10":{"start":{"line":23,"column":30},"end":{"line":24,"column":12}},"11":{"start":{"line":24,"column":4},"end":{"line":24,"column":61}},"12":{"start":{"line":26,"column":26},"end":{"line":27,"column":12}},"13":{"start":{"line":27,"column":4},"end":{"line":27,"column":47}},"14":{"start":{"line":29,"column":2},"end":{"line":110,"column":4}},"15":{"start":{"line":35,"column":34},"end":{"line":35,"column":36}},"16":{"start":{"line":36,"column":14},"end":{"line":36,"column":null}},"17":{"start":{"line":39,"column":14},"end":{"line":39,"column":33}},"18":{"start":{"line":40,"column":14},"end":{"line":40,"column":35}},"19":{"start":{"line":43,"column":24},"end":{"line":43,"column":26}},"20":{"start":{"line":43,"column":31},"end":{"line":52,"column":null}},"21":{"start":{"line":56,"column":34},"end":{"line":56,"column":36}},"22":{"start":{"line":57,"column":14},"end":{"line":57,"column":null}},"23":{"start":{"line":60,"column":14},"end":{"line":60,"column":33}},"24":{"start":{"line":61,"column":14},"end":{"line":61,"column":39}},"25":{"start":{"line":64,"column":24},"end":{"line":64,"column":26}},"26":{"start":{"line":64,"column":31},"end":{"line":71,"column":null}},"27":{"start":{"line":84,"column":34},"end":{"line":84,"column":36}},"28":{"start":{"line":85,"column":14},"end":{"line":85,"column":null}},"29":{"start":{"line":88,"column":14},"end":{"line":88,"column":33}},"30":{"start":{"line":89,"column":14},"end":{"line":93,"column":15}},"31":{"start":{"line":90,"column":16},"end":{"line":90,"column":44}},"32":{"start":{"line":92,"column":16},"end":{"line":92,"column":42}},"33":{"start":{"line":96,"column":24},"end":{"line":96,"column":26}},"34":{"start":{"line":96,"column":31},"end":{"line":105,"column":null}},"35":{"start":{"line":12,"column":13},"end":{"line":12,"column":50}}},"fnMap":{"0":{"name":"(anonymous_1)","decl":{"start":{"line":12,"column":50},"end":{"line":12,"column":51}},"loc":{"start":{"line":16,"column":1},"end":{"line":111,"column":1}}},"1":{"name":"(anonymous_2)","decl":{"start":{"line":19,"column":26},"end":{"line":19,"column":null}},"loc":{"start":{"line":19,"column":26},"end":{"line":21,"column":3}}},"2":{"name":"(anonymous_3)","decl":{"start":{"line":23,"column":30},"end":{"line":23,"column":31}},"loc":{"start":{"line":23,"column":48},"end":{"line":24,"column":12}}},"3":{"name":"(anonymous_4)","decl":{"start":{"line":26,"column":26},"end":{"line":26,"column":27}},"loc":{"start":{"line":26,"column":44},"end":{"line":27,"column":12}}},"4":{"name":"(anonymous_5)","decl":{"start":{"line":35,"column":23},"end":{"line":35,"column":24}},"loc":{"start":{"line":35,"column":36},"end":{"line":36,"column":17}}},"5":{"name":"(anonymous_6)","decl":{"start":{"line":38,"column":21},"end":{"line":38,"column":22}},"loc":{"start":{"line":38,"column":23},"end":{"line":41,"column":13}}},"6":{"name":"(anonymous_7)","decl":{"start":{"line":43,"column":13},"end":{"line":43,"column":14}},"loc":{"start":{"line":43,"column":26},"end":{"line":43,"column":null}}},"7":{"name":"(anonymous_8)","decl":{"start":{"line":56,"column":23},"end":{"line":56,"column":24}},"loc":{"start":{"line":56,"column":36},"end":{"line":57,"column":17}}},"8":{"name":"(anonymous_9)","decl":{"start":{"line":59,"column":21},"end":{"line":59,"column":22}},"loc":{"start":{"line":59,"column":23},"end":{"line":62,"column":13}}},"9":{"name":"(anonymous_10)","decl":{"start":{"line":64,"column":13},"end":{"line":64,"column":14}},"loc":{"start":{"line":64,"column":26},"end":{"line":64,"column":null}}},"10":{"name":"(anonymous_11)","decl":{"start":{"line":84,"column":23},"end":{"line":84,"column":24}},"loc":{"start":{"line":84,"column":36},"end":{"line":85,"column":17}}},"11":{"name":"(anonymous_12)","decl":{"start":{"line":87,"column":21},"end":{"line":87,"column":22}},"loc":{"start":{"line":87,"column":23},"end":{"line":94,"column":13}}},"12":{"name":"(anonymous_13)","decl":{"start":{"line":96,"column":13},"end":{"line":96,"column":14}},"loc":{"start":{"line":96,"column":26},"end":{"line":96,"column":null}}}},"branchMap":{"0":{"loc":{"start":{"line":24,"column":4},"end":{"line":24,"column":60}},"type":"binary-expr","locations":[{"start":{"line":24,"column":4},"end":{"line":24,"column":12}},{"start":{"line":24,"column":16},"end":{"line":24,"column":60}}]},"1":{"loc":{"start":{"line":27,"column":4},"end":{"line":27,"column":46}},"type":"binary-expr","locations":[{"start":{"line":27,"column":4},"end":{"line":27,"column":12}},{"start":{"line":27,"column":16},"end":{"line":27,"column":46}}]},"2":{"loc":{"start":{"line":36,"column":32},"end":{"line":36,"column":87}},"type":"cond-expr","locations":[{"start":{"line":36,"column":64},"end":{"line":36,"column":82}},{"start":{"line":36,"column":85},"end":{"line":36,"column":87}}]},"3":{"loc":{"start":{"line":46,"column":24},"end":{"line":46,"column":79}},"type":"cond-expr","locations":[{"start":{"line":46,"column":56},"end":{"line":46,"column":65}},{"start":{"line":46,"column":68},"end":{"line":46,"column":79}}]},"4":{"loc":{"start":{"line":57,"column":32},"end":{"line":57,"column":66}},"type":"cond-expr","locations":[{"start":{"line":57,"column":43},"end":{"line":57,"column":61}},{"start":{"line":57,"column":64},"end":{"line":57,"column":66}}]},"5":{"loc":{"start":{"line":66,"column":32},"end":{"line":66,"column":66}},"type":"cond-expr","locations":[{"start":{"line":66,"column":43},"end":{"line":66,"column":52}},{"start":{"line":66,"column":55},"end":{"line":66,"column":66}}]},"6":{"loc":{"start":{"line":83,"column":16},"end":{"line":83,"column":48}},"type":"cond-expr","locations":[{"start":{"line":83,"column":27},"end":{"line":83,"column":37}},{"start":{"line":83,"column":40},"end":{"line":83,"column":48}}]},"7":{"loc":{"start":{"line":85,"column":32},"end":{"line":85,"column":83}},"type":"cond-expr","locations":[{"start":{"line":85,"column":60},"end":{"line":85,"column":78}},{"start":{"line":85,"column":81},"end":{"line":85,"column":83}}]},"8":{"loc":{"start":{"line":89,"column":14},"end":{"line":93,"column":15}},"type":"if","locations":[{"start":{"line":89,"column":14},"end":{"line":93,"column":15}},{"start":{"line":91,"column":21},"end":{"line":93,"column":15}}]},"9":{"loc":{"start":{"line":99,"column":24},"end":{"line":99,"column":75}},"type":"cond-expr","locations":[{"start":{"line":99,"column":52},"end":{"line":99,"column":61}},{"start":{"line":99,"column":64},"end":{"line":99,"column":75}}]},"10":{"loc":{"start":{"line":102,"column":19},"end":{"line":102,"column":47}},"type":"binary-expr","locations":[{"start":{"line":102,"column":19},"end":{"line":102,"column":27}},{"start":{"line":102,"column":31},"end":{"line":102,"column":47}}]}},"s":{"0":0,"1":0,"2":0,"3":0,"4":0,"5":0,"6":0,"7":0,"8":0,"9":0,"10":0,"11":0,"12":0,"13":0,"14":0,"15":0,"16":0,"17":0,"18":0,"19":0,"20":0,"21":0,"22":0,"23":0,"24":0,"25":0,"26":0,"27":0,"28":0,"29":0,"30":0,"31":0,"32":0,"33":0,"34":0,"35":0},"f":{"0":0,"1":0,"2":0,"3":0,"4":0,"5":0,"6":0,"7":0,"8":0,"9":0,"10":0,"11":0,"12":0},"b":{"0":[0,0],"1":[0,0],"2":[0,0],"3":[0,0],"4":[0,0],"5":[0,0],"6":[0,0],"7":[0,0],"8":[0,0],"9":[0,0],"10":[0,0]}}
,"/Users/neustrroeva/YandexPr/11-sprint/stellar-burgers/stellar-burgers/src/components/ui/burger-constructor/burger-constructor.tsx": {"path":"/Users/neustrroeva/YandexPr/11-sprint/stellar-burgers/stellar-burgers/src/components/ui/burger-constructor/burger-constructor.tsx","statementMap":{"0":{"start":{"line":2,"column":0},"end":{"line":2,"column":null}},"1":{"start":{"line":7,"column":0},"end":{"line":7,"column":53}},"2":{"start":{"line":10,"column":0},"end":{"line":10,"column":62}},"3":{"start":{"line":11,"column":0},"end":{"line":11,"column":48}},"4":{"start":{"line":13,"column":65},"end":{"line":20,"column":null}},"5":{"start":{"line":14,"column":18},"end":{"line":14,"column":null}},"6":{"start":{"line":15,"column":14},"end":{"line":15,"column":null}},"7":{"start":{"line":16,"column":7},"end":{"line":16,"column":null}},"8":{"start":{"line":17,"column":16},"end":{"line":17,"column":null}},"9":{"start":{"line":18,"column":14},"end":{"line":18,"column":null}},"10":{"start":{"line":19,"column":17},"end":{"line":19,"column":null}},"11":{"start":{"line":20,"column":6},"end":{"line":102,"column":2}},"12":{"start":{"line":42,"column":59},"end":{"line":49,"column":null}},"13":{"start":{"line":13,"column":13},"end":{"line":13,"column":65}}},"fnMap":{"0":{"name":"(anonymous_1)","decl":{"start":{"line":13,"column":65},"end":{"line":13,"column":66}},"loc":{"start":{"line":20,"column":1},"end":{"line":20,"column":null}}},"1":{"name":"(anonymous_2)","decl":{"start":{"line":42,"column":10},"end":{"line":42,"column":11}},"loc":{"start":{"line":42,"column":54},"end":{"line":42,"column":null}}}},"branchMap":{"0":{"loc":{"start":{"line":22,"column":5},"end":{"line":37,"column":null}},"type":"cond-expr","locations":[{"start":{"line":23,"column":6},"end":{"line":30,"column":null}},{"start":{"line":33,"column":6},"end":{"line":34,"column":null}}]},"1":{"loc":{"start":{"line":40,"column":7},"end":{"line":56,"column":null}},"type":"cond-expr","locations":[{"start":{"line":41,"column":8},"end":{"line":49,"column":null}},{"start":{"line":52,"column":8},"end":{"line":53,"column":null}}]},"2":{"loc":{"start":{"line":59,"column":5},"end":{"line":74,"column":null}},"type":"cond-expr","locations":[{"start":{"line":60,"column":6},"end":{"line":67,"column":null}},{"start":{"line":70,"column":6},"end":{"line":71,"column":null}}]},"3":{"loc":{"start":{"line":90,"column":5},"end":{"line":93,"column":null}},"type":"binary-expr","locations":[{"start":{"line":90,"column":5},"end":{"line":90,"column":17}},{"start":{"line":91,"column":6},"end":{"line":92,"column":null}}]},"4":{"loc":{"start":{"line":96,"column":5},"end":{"line":99,"column":null}},"type":"binary-expr","locations":[{"start":{"line":96,"column":5},"end":{"line":96,"column":19}},{"start":{"line":96,"column":23},"end":{"line":96,"column":36}},{"start":{"line":97,"column":6},"end":{"line":98,"column":null}}]}},"s":{"0":0,"1":0,"2":0,"3":0,"4":0,"5":0,"6":0,"7":0,"8":0,"9":0,"10":0,"11":0,"12":0,"13":0},"f":{"0":0,"1":0},"b":{"0":[0,0],"1":[0,0],"2":[0,0],"3":[0,0],"4":[0,0,0]}}
,"/Users/neustrroeva/YandexPr/11-sprint/stellar-burgers/stellar-burgers/src/components/ui/burger-constructor-element/burger-constructor-element.tsx": {"path":"/Users/neustrroeva/YandexPr/11-sprint/stellar-burgers/stellar-burgers/src/components/ui/burger-constructor-element/burger-constructor-element.tsx","statementMap":{"0":{"start":{"line":1,"column":0},"end":{"line":1,"column":40}},"1":{"start":{"line":2,"column":0},"end":{"line":2,"column":61}},"2":{"start":{"line":3,"column":0},"end":{"line":3,"column":81}},"3":{"start":{"line":5,"column":0},"end":{"line":5,"column":73}},"4":{"start":{"line":7,"column":13},"end":{"line":34,"column":4}},"5":{"start":{"line":10,"column":16},"end":{"line":10,"column":null}},"6":{"start":{"line":11,"column":11},"end":{"line":11,"column":null}},"7":{"start":{"line":12,"column":16},"end":{"line":12,"column":null}},"8":{"start":{"line":13,"column":18},"end":{"line":13,"column":null}},"9":{"start":{"line":14,"column":20},"end":{"line":14,"column":null}},"10":{"start":{"line":15,"column":17},"end":{"line":15,"column":null}},"11":{"start":{"line":16,"column":10},"end":{"line":33,"column":null}}},"fnMap":{"0":{"name":"(anonymous_1)","decl":{"start":{"line":9,"column":4},"end":{"line":9,"column":5}},"loc":{"start":{"line":16,"column":5},"end":{"line":16,"column":null}}}},"branchMap":{},"s":{"0":0,"1":0,"2":0,"3":0,"4":0,"5":0,"6":0,"7":0,"8":0,"9":0,"10":0,"11":0},"f":{"0":0},"b":{}}
,"/Users/neustrroeva/YandexPr/11-sprint/stellar-burgers/stellar-burgers/src/components/ui/burger-ingredient/burger-ingredient.tsx": {"path":"/Users/neustrroeva/YandexPr/11-sprint/stellar-burgers/stellar-burgers/src/components/ui/burger-ingredient/burger-ingredient.tsx","statementMap":{"0":{"start":{"line":1,"column":0},"end":{"line":1,"column":40}},"1":{"start":{"line":2,"column":0},"end":{"line":2,"column":40}},"2":{"start":{"line":3,"column":0},"end":{"line":3,"column":52}},"3":{"start":{"line":5,"column":0},"end":{"line":5,"column":null}},"4":{"start":{"line":13,"column":13},"end":{"line":40,"column":2}},"5":{"start":{"line":14,"column":15},"end":{"line":14,"column":17}},"6":{"start":{"line":14,"column":22},"end":{"line":14,"column":24}},"7":{"start":{"line":14,"column":33},"end":{"line":14,"column":35}},"8":{"start":{"line":14,"column":48},"end":{"line":14,"column":50}},"9":{"start":{"line":15,"column":40},"end":{"line":15,"column":51}},"10":{"start":{"line":17,"column":4},"end":{"line":38,"column":6}}},"fnMap":{"0":{"name":"(anonymous_1)","decl":{"start":{"line":14,"column":2},"end":{"line":14,"column":3}},"loc":{"start":{"line":14,"column":50},"end":{"line":39,"column":3}}}},"branchMap":{"0":{"loc":{"start":{"line":24,"column":11},"end":{"line":24,"column":49}},"type":"binary-expr","locations":[{"start":{"line":24,"column":11},"end":{"line":24,"column":20}},{"start":{"line":24,"column":24},"end":{"line":24,"column":49}}]}},"s":{"0":0,"1":0,"2":0,"3":0,"4":0,"5":0,"6":0,"7":0,"8":0,"9":0,"10":0},"f":{"0":0},"b":{"0":[0,0]}}
,"/Users/neustrroeva/YandexPr/11-sprint/stellar-burgers/stellar-burgers/src/components/ui/burger-ingredients/burger-ingredients.tsx": {"path":"/Users/neustrroeva/YandexPr/11-sprint/stellar-burgers/stellar-burgers/src/components/ui/burger-ingredients/burger-ingredients.tsx","statementMap":{"0":{"start":{"line":1,"column":0},"end":{"line":1,"column":40}},"1":{"start":{"line":2,"column":0},"end":{"line":2,"column":66}},"2":{"start":{"line":4,"column":0},"end":{"line":4,"column":53}},"3":{"start":{"line":6,"column":0},"end":{"line":6,"column":50}},"4":{"start":{"line":8,"column":13},"end":{"line":68,"column":2}},"5":{"start":{"line":10,"column":14},"end":{"line":10,"column":null}},"6":{"start":{"line":11,"column":8},"end":{"line":11,"column":null}},"7":{"start":{"line":12,"column":9},"end":{"line":12,"column":null}},"8":{"start":{"line":13,"column":10},"end":{"line":13,"column":null}},"9":{"start":{"line":14,"column":15},"end":{"line":14,"column":null}},"10":{"start":{"line":15,"column":16},"end":{"line":15,"column":null}},"11":{"start":{"line":16,"column":18},"end":{"line":16,"column":null}},"12":{"start":{"line":17,"column":11},"end":{"line":17,"column":null}},"13":{"start":{"line":18,"column":12},"end":{"line":18,"column":null}},"14":{"start":{"line":19,"column":13},"end":{"line":19,"column":null}},"15":{"start":{"line":20,"column":14},"end":{"line":20,"column":null}},"16":{"start":{"line":21,"column":8},"end":{"line":67,"column":null}}},"fnMap":{"0":{"name":"(anonymous_1)","decl":{"start":{"line":9,"column":2},"end":{"line":9,"column":3}},"loc":{"start":{"line":21,"column":3},"end":{"line":21,"column":null}}}},"branchMap":{},"s":{"0":0,"1":0,"2":0,"3":0,"4":0,"5":0,"6":0,"7":0,"8":0,"9":0,"10":0,"11":0,"12":0,"13":0,"14":0,"15":0,"16":0},"f":{"0":0},"b":{}}
,"/Users/neustrroeva/YandexPr/11-sprint/stellar-burgers/stellar-burgers/src/components/ui/feed-info/feed-info.tsx": {"path":"/Users/neustrroeva/YandexPr/11-sprint/stellar-burgers/stellar-burgers/src/components/ui/feed-info/feed-info.tsx","statementMap":{"0":{"start":{"line":1,"column":0},"end":{"line":1,"column":40}},"1":{"start":{"line":3,"column":0},"end":{"line":3,"column":44}},"2":{"start":{"line":7,"column":13},"end":{"line":26,"column":2}},"3":{"start":{"line":8,"column":9},"end":{"line":8,"column":11}},"4":{"start":{"line":8,"column":22},"end":{"line":8,"column":24}},"5":{"start":{"line":8,"column":37},"end":{"line":8,"column":39}},"6":{"start":{"line":9,"column":34},"end":{"line":9,"column":39}},"7":{"start":{"line":11,"column":4},"end":{"line":24,"column":6}},"8":{"start":{"line":28,"column":40},"end":{"line":28,"column":null}},"9":{"start":{"line":28,"column":49},"end":{"line":28,"column":51}},"10":{"start":{"line":28,"column":56},"end":{"line":28,"column":58}},"11":{"start":{"line":28,"column":67},"end":{"line":28,"column":69}},"12":{"start":{"line":28,"column":74},"end":{"line":43,"column":2}},"13":{"start":{"line":32,"column":35},"end":{"line":40,"column":8}},"14":{"start":{"line":45,"column":33},"end":{"line":45,"column":null}},"15":{"start":{"line":45,"column":41},"end":{"line":45,"column":43}},"16":{"start":{"line":45,"column":50},"end":{"line":45,"column":52}},"17":{"start":{"line":45,"column":57},"end":{"line":52,"column":2}}},"fnMap":{"0":{"name":"(anonymous_1)","decl":{"start":{"line":8,"column":2},"end":{"line":8,"column":3}},"loc":{"start":{"line":8,"column":39},"end":{"line":25,"column":3}}},"1":{"name":"(anonymous_2)","decl":{"start":{"line":28,"column":40},"end":{"line":28,"column":41}},"loc":{"start":{"line":28,"column":69},"end":{"line":28,"column":null}}},"2":{"name":"(anonymous_3)","decl":{"start":{"line":32,"column":18},"end":{"line":32,"column":19}},"loc":{"start":{"line":32,"column":30},"end":{"line":32,"column":null}}},"3":{"name":"(anonymous_4)","decl":{"start":{"line":45,"column":33},"end":{"line":45,"column":34}},"loc":{"start":{"line":45,"column":52},"end":{"line":45,"column":null}}}},"branchMap":{"0":{"loc":{"start":{"line":35,"column":26},"end":{"line":35,"column":70}},"type":"cond-expr","locations":[{"start":{"line":35,"column":49},"end":{"line":35,"column":58}},{"start":{"line":35,"column":61},"end":{"line":35,"column":70}}]}},"s":{"0":0,"1":0,"2":0,"3":0,"4":0,"5":0,"6":0,"7":0,"8":0,"9":0,"10":0,"11":0,"12":0,"13":0,"14":0,"15":0,"16":0,"17":0},"f":{"0":0,"1":0,"2":0,"3":0},"b":{"0":[0,0]}}
,"/Users/neustrroeva/YandexPr/11-sprint/stellar-burgers/stellar-burgers/src/components/ui/ingredient-details/ingredient-details.tsx": {"path":"/Users/neustrroeva/YandexPr/11-sprint/stellar-burgers/stellar-burgers/src/components/ui/ingredient-details/ingredient-details.tsx","statementMap":{"0":{"start":{"line":1,"column":0},"end":{"line":1,"column":40}},"1":{"start":{"line":2,"column":0},"end":{"line":2,"column":53}},"2":{"start":{"line":5,"column":13},"end":{"line":39,"column":2}},"3":{"start":{"line":6,"column":19},"end":{"line":6,"column":21}},"4":{"start":{"line":8,"column":6},"end":{"line":8,"column":21}},"5":{"start":{"line":10,"column":4},"end":{"line":37,"column":6}}},"fnMap":{"0":{"name":"(anonymous_1)","decl":{"start":{"line":6,"column":2},"end":{"line":6,"column":3}},"loc":{"start":{"line":6,"column":21},"end":{"line":38,"column":3}}}},"branchMap":{},"s":{"0":0,"1":0,"2":0,"3":0,"4":0,"5":0},"f":{"0":0},"b":{}}
[...]
"line":90,"column":6},"end":{"line":90,"column":37}}]},"10":{"loc":{"start":{"line":90,"column":10},"end":{"line":90,"column":23}},"type":"cond-expr","locations":[{"start":{"line":90,"column":14},"end":{"line":90,"column":16}},{"start":{"line":90,"column":10},"end":{"line":90,"column":23}}]},"11":{"loc":{"start":{"line":90,"column":10},"end":{"line":90,"column":16}},"type":"binary-expr","locations":[{"start":{"line":90,"column":10},"end":{"line":90,"column":16}},{"start":{"line":90,"column":10},"end":{"line":90,"column":16}}]},"12":{"loc":{"start":{"line":102,"column":4},"end":{"line":102,"column":42}},"type":"if","locations":[{"start":{"line":102,"column":4},"end":{"line":102,"column":42}}]},"13":{"loc":{"start":{"line":102,"column":8},"end":{"line":102,"column":21}},"type":"cond-expr","locations":[{"start":{"line":102,"column":12},"end":{"line":102,"column":14}},{"start":{"line":102,"column":8},"end":{"line":102,"column":21}}]},"14":{"loc":{"start":{"line":102,"column":8},"end":{"line":102,"column":14}},"type":"binary-expr","locations":[{"start":{"line":102,"column":8},"end":{"line":102,"column":14}},{"start":{"line":102,"column":8},"end":{"line":102,"column":14}}]},"15":{"loc":{"start":{"line":122,"column":4},"end":{"line":122,"column":35}},"type":"if","locations":[{"start":{"line":122,"column":4},"end":{"line":122,"column":35}}]},"16":{"loc":{"start":{"line":122,"column":8},"end":{"line":122,"column":21}},"type":"cond-expr","locations":[{"start":{"line":122,"column":12},"end":{"line":122,"column":14}},{"start":{"line":122,"column":8},"end":{"line":122,"column":21}}]},"17":{"loc":{"start":{"line":122,"column":8},"end":{"line":122,"column":14}},"type":"binary-expr","locations":[{"start":{"line":122,"column":8},"end":{"line":122,"column":14}},{"start":{"line":122,"column":8},"end":{"line":122,"column":14}}]},"18":{"loc":{"start":{"line":160,"column":6},"end":{"line":160,"column":37}},"type":"if","locations":[{"start":{"line":160,"column":6},"end":{"line":160,"column":37}}]},"19":{"loc":{"start":{"line":160,"column":10},"end":{"line":160,"column":23}},"type":"cond-expr","locations":[{"start":{"line":160,"column":14},"end":{"line":160,"column":16}},{"start":{"line":160,"column":10},"end":{"line":160,"column":23}}]},"20":{"loc":{"start":{"line":160,"column":10},"end":{"line":160,"column":16}},"type":"binary-expr","locations":[{"start":{"line":160,"column":10},"end":{"line":160,"column":16}},{"start":{"line":160,"column":10},"end":{"line":160,"column":16}}]},"21":{"loc":{"start":{"line":179,"column":6},"end":{"line":179,"column":37}},"type":"if","locations":[{"start":{"line":179,"column":6},"end":{"line":179,"column":37}}]},"22":{"loc":{"start":{"line":179,"column":10},"end":{"line":179,"column":23}},"type":"cond-expr","locations":[{"start":{"line":179,"column":14},"end":{"line":179,"column":16}},{"start":{"line":179,"column":10},"end":{"line":179,"column":23}}]},"23":{"loc":{"start":{"line":179,"column":10},"end":{"line":179,"column":16}},"type":"binary-expr","locations":[{"start":{"line":179,"column":10},"end":{"line":179,"column":16}},{"start":{"line":179,"column":10},"end":{"line":179,"column":16}}]},"24":{"loc":{"start":{"line":193,"column":6},"end":{"line":193,"column":37}},"type":"if","locations":[{"start":{"line":193,"column":6},"end":{"line":193,"column":37}}]},"25":{"loc":{"start":{"line":193,"column":10},"end":{"line":193,"column":23}},"type":"cond-expr","locations":[{"start":{"line":193,"column":14},"end":{"line":193,"column":16}},{"start":{"line":193,"column":10},"end":{"line":193,"column":23}}]},"26":{"loc":{"start":{"line":193,"column":10},"end":{"line":193,"column":16}},"type":"binary-expr","locations":[{"start":{"line":193,"column":10},"end":{"line":193,"column":16}},{"start":{"line":193,"column":10},"end":{"line":193,"column":16}}]},"27":{"loc":{"start":{"line":207,"column":6},"end":{"line":207,"column":37}},"type":"if","locations":[{"start":{"line":207,"column":6},"end":{"line":207,"column":37}}]},"28":{"loc":{"start":{"line":207,"column":10},"end":{"line":207,"column":23}},"type":"cond-expr","locations":[{"start":{"line":207,"column":14},"end":{"line":207,"column":16}},{"start":{"line":207,"column":10},"end":{"line":207,"column":23}}]},"29":{"loc":{"start":{"line":207,"column":10},"end":{"line":207,"column":16}},"type":"binary-expr","locations":[{"start":{"line":207,"column":10},"end":{"line":207,"column":16}},{"start":{"line":207,"column":10},"end":{"line":207,"column":16}}]}},"s":{"0":2,"1":2,"2":2,"3":0,"4":0,"5":2,"6":0,"7":0,"8":0,"9":0,"10":0,"11":0,"12":0,"13":2,"14":2,"15":0,"16":0,"17":0,"18":0,"19":0,"20":0,"21":0,"22":0,"23":0,"24":0,"25":0,"26":0,"27":0,"28":0,"29":0,"30":2,"31":2,"32":0,"33":0,"34":0,"35":0,"36":0,"37":0,"38":0,"39":2,"40":2,"41":0,"42":0,"43":0,"44":0,"45":0,"46":2,"47":2,"48":0,"49":0,"50":0,"51":0,"52":2,"53":2,"54":0,"55":0,"56":0,"57":0,"58":2,"59":2,"60":0,"61":0,"62":2,"63":2,"64":0,"65":0,"66":0,"67":0,"68":0,"69":2,"70":2,"71":0,"72":0,"73":0,"74":0,"75":0,"76":2,"77":2,"78":0,"79":0,"80":0,"81":0,"82":0,"83":2,"84":2,"85":0,"86":0,"87":0,"88":0,"89":0,"90":2,"91":2,"92":0,"93":2,"94":2,"95":0,"96":2,"97":2,"98":0,"99":0,"100":2},"f":{"0":0,"1":0,"2":0,"3":0,"4":0,"5":0,"6":0,"7":0,"8":0,"9":0,"10":0,"11":0,"12":0,"13":0,"14":0,"15":0,"16":0,"17":0,"18":0,"19":0,"20":0,"21":0,"22":0,"23":0,"24":0,"25":0,"26":0,"27":0,"28":0,"29":0,"30":0,"31":0,"32":0,"33":0,"34":0},"b":{"0":[0,0],"1":[0],"2":[0,0,0],"3":[0],"4":[0],"5":[0],"6":[0],"7":[0,0],"8":[0,0],"9":[0],"10":[0,0],"11":[0,0],"12":[0],"13":[0,0],"14":[0,0],"15":[0],"16":[0,0],"17":[0,0],"18":[0],"19":[0,0],"20":[0,0],"21":[0],"22":[0,0],"23":[0,0],"24":[0],"25":[0,0],"26":[0,0],"27":[0],"28":[0,0],"29":[0,0]}}
,"/Users/neustrroeva/YandexPr/11-sprint/stellar-burgers/stellar-burgers/src/utils/cookie.ts": {"path":"/Users/neustrroeva/YandexPr/11-sprint/stellar-burgers/stellar-burgers/src/utils/cookie.ts","statementMap":{"0":{"start":{"line":2,"column":18},"end":{"line":8,"column":null}},"1":{"start":{"line":10,"column":2},"end":{"line":10,"column":62}},"2":{"start":{"line":1,"column":0},"end":{"line":1,"column":16}},"3":{"start":{"line":16,"column":2},"end":{"line":16,"column":null}},"4":{"start":{"line":18,"column":2},"end":{"line":21,"column":4}},"5":{"start":{"line":23,"column":12},"end":{"line":23,"column":25}},"6":{"start":{"line":24,"column":2},"end":{"line":28,"column":3}},"7":{"start":{"line":25,"column":14},"end":{"line":25,"column":24}},"8":{"start":{"line":26,"column":4},"end":{"line":26,"column":40}},"9":{"start":{"line":27,"column":4},"end":{"line":27,"column":28}},"10":{"start":{"line":30,"column":2},"end":{"line":32,"column":3}},"11":{"start":{"line":31,"column":4},"end":{"line":31,"column":38}},"12":{"start":{"line":33,"column":2},"end":{"line":33,"column":36}},"13":{"start":{"line":34,"column":22},"end":{"line":34,"column":40}},"14":{"start":{"line":35,"column":2},"end":{"line":41,"column":3}},"15":{"start":{"line":36,"column":4},"end":{"line":36,"column":37}},"16":{"start":{"line":37,"column":22},"end":{"line":37,"column":37}},"17":{"start":{"line":38,"column":4},"end":{"line":40,"column":5}},"18":{"start":{"line":39,"column":6},"end":{"line":39,"column":39}},"19":{"start":{"line":42,"column":2},"end":{"line":42,"column":34}},"20":{"start":{"line":13,"column":0},"end":{"line":13,"column":16}},"21":{"start":{"line":46,"column":2},"end":{"line":46,"column":39}},"22":{"start":{"line":45,"column":0},"end":{"line":45,"column":16}}},"fnMap":{"0":{"name":"getCookie","decl":{"start":{"line":1,"column":16},"end":{"line":1,"column":25}},"loc":{"start":{"line":1,"column":38},"end":{"line":11,"column":1}}},"1":{"name":"setCookie","decl":{"start":{"line":13,"column":16},"end":{"line":13,"column":25}},"loc":{"start":{"line":16,"column":65},"end":{"line":43,"column":1}}},"2":{"name":"deleteCookie","decl":{"start":{"line":45,"column":16},"end":{"line":45,"column":28}},"loc":{"start":{"line":45,"column":41},"end":{"line":47,"column":1}}}},"branchMap":{"0":{"loc":{"start":{"line":10,"column":9},"end":{"line":10,"column":61}},"type":"cond-expr","locations":[{"start":{"line":10,"column":19},"end":{"line":10,"column":49}},{"start":{"line":10,"column":52},"end":{"line":10,"column":61}}]},"1":{"loc":{"start":{"line":16,"column":2},"end":{"line":16,"column":null}},"type":"if","locations":[{"start":{"line":16,"column":2},"end":{"line":16,"column":null}}]},"2":{"loc":{"start":{"line":24,"column":2},"end":{"line":28,"column":3}},"type":"if","locations":[{"start":{"line":24,"column":2},"end":{"line":28,"column":3}}]},"3":{"loc":{"start":{"line":24,"column":6},"end":{"line":24,"column":36}},"type":"binary-expr","locations":[{"start":{"line":24,"column":6},"end":{"line":24,"column":9}},{"start":{"line":24,"column":13},"end":{"line":24,"column":36}}]},"4":{"loc":{"start":{"line":30,"column":2},"end":{"line":32,"column":3}},"type":"if","locations":[{"start":{"line":30,"column":2},"end":{"line":32,"column":3}}]},"5":{"loc":{"start":{"line":30,"column":6},"end":{"line":30,"column":32}},"type":"binary-expr","locations":[{"start":{"line":30,"column":6},"end":{"line":30,"column":9}},{"start":{"line":30,"column":13},"end":{"line":30,"column":32}}]},"6":{"loc":{"start":{"line":38,"column":4},"end":{"line":40,"column":5}},"type":"if","locations":[{"start":{"line":38,"column":4},"end":{"line":40,"column":5}}]}},"s":{"0":0,"1":0,"2":2,"3":0,"4":0,"5":0,"6":0,"7":0,"8":0,"9":0,"10":0,"11":0,"12":0,"13":0,"14":0,"15":0,"16":0,"17":0,"18":0,"19":0,"20":2,"21":0,"22":2},"f":{"0":0,"1":0,"2":0},"b":{"0":[0,0],"1":[0],"2":[0],"3":[0,0],"4":[0],"5":[0,0],"6":[0]}}
,"/Users/neustrroeva/YandexPr/11-sprint/stellar-burgers/stellar-burgers/src/utils/websocket.ts": {"path":"/Users/neustrroeva/YandexPr/11-sprint/stellar-burgers/stellar-burgers/src/utils/websocket.ts","statementMap":{"0":{"start":{"line":1,"column":0},"end":{"line":1,"column":37}},"1":{"start":{"line":4,"column":12},"end":{"line":4,"column":38}},"2":{"start":{"line":20,"column":0},"end":{"line":20,"column":13}},"3":{"start":{"line":28,"column":10},"end":{"line":28,"column":38}},"4":{"start":{"line":29,"column":10},"end":{"line":29,"column":32}},"5":{"start":{"line":30,"column":10},"end":{"line":30,"column":35}},"6":{"start":{"line":31,"column":10},"end":{"line":31,"column":32}},"7":{"start":{"line":32,"column":10},"end":{"line":32,"column":33}},"8":{"start":{"line":22,"column":4},"end":{"line":22,"column":19}},"9":{"start":{"line":23,"column":4},"end":{"line":23,"column":31}},"10":{"start":{"line":34,"column":2},"end":{"line":83,"column":null}},"11":{"start":{"line":34,"column":2},"end":{"line":34,"column":9}},"12":{"start":{"line":35,"column":4},"end":{"line":82,"column":5}},"13":{"start":{"line":36,"column":6},"end":{"line":36,"column":40}},"14":{"start":{"line":38,"column":6},"end":{"line":40,"column":8}},"15":{"start":{"line":39,"column":8},"end":{"line":39,"column":35}},"16":{"start":{"line":42,"column":6},"end":{"line":56,"column":8}},"17":{"start":{"line":43,"column":8},"end":{"line":55,"column":9}},"18":{"start":{"line":44,"column":42},"end":{"line":44,"column":64}},"19":{"start":{"line":46,"column":10},"end":{"line":52,"column":11}},"20":{"start":{"line":47,"column":12},"end":{"line":51,"column":15}},"21":{"start":{"line":58,"column":6},"end":{"line":62,"column":8}},"22":{"start":{"line":59,"column":8},"end":{"line":61,"column":9}},"23":{"start":{"line":60,"column":10},"end":{"line":60,"column":35}},"24":{"start":{"line":64,"column":6},"end":{"line":77,"column":8}},"25":{"start":{"line":65,"column":8},"end":{"line":67,"column":9}},"26":{"start":{"line":66,"column":10},"end":{"line":66,"column":35}},"27":{"start":{"line":68,"column":8},"end":{"line":76,"column":9}},"28":{"start":{"line":72,"column":10},"end":{"line":72,"column":35}},"29":{"start":{"line":73,"column":10},"end":{"line":75,"column":34}},"30":{"start":{"line":74,"column":12},"end":{"line":74,"column":27}},"31":{"start":{"line":79,"column":6},"end":{"line":81,"column":7}},"32":{"start":{"line":80,"column":8},"end":{"line":80,"column":33}},"33":{"start":{"line":85,"column":2},"end":{"line":91,"column":null}},"34":{"start":{"line":86,"column":4},"end":{"line":86,"column":33}},"35":{"start":{"line":87,"column":4},"end":{"line":90,"column":5}},"36":{"start":{"line":88,"column":6},"end":{"line":88,"column":22}},"37":{"start":{"line":89,"column":6},"end":{"line":89,"column":21}},"38":{"start":{"line":93,"column":2},"end":{"line":97,"column":null}},"39":{"start":{"line":94,"column":4},"end":{"line":96,"column":5}},"40":{"start":{"line":95,"column":6},"end":{"line":95,"column":28}},"41":{"start":{"line":98,"column":0},"end":{"line":98,"column":null}},"42":{"start":{"line":20,"column":13},"end":{"line":20,"column":29}},"43":{"start":{"line":100,"column":36},"end":{"line":109,"column":1}},"44":{"start":{"line":103,"column":2},"end":{"line":105,"column":3}},"45":{"start":{"line":104,"column":4},"end":{"line":104,"column":53}},"46":{"start":{"line":106,"column":16},"end":{"line":106,"column":42}},"47":{"start":{"line":107,"column":14},"end":{"line":107,"column":35}},"48":{"start":{"line":108,"column":2},"end":{"line":108,"column":46}},"49":{"start":{"line":100,"column":13},"end":{"line":100,"column":36}},"50":{"start":{"line":111,"column":37},"end":{"line":124,"column":1}},"51":{"start":{"line":114,"column":2},"end":{"line":116,"column":3}},"52":{"start":{"line":115,"column":4},"end":{"line":115,"column":53}},"53":{"start":{"line":117,"column":16},"end":{"line":117,"column":40}},"54":{"start":{"line":118,"column":2},"end":{"line":120,"column":3}},"55":{"start":{"line":119,"column":4},"end":{"line":119,"column":53}},"56":{"start":{"line":121,"column":16},"end":{"line":121,"column":42}},"57":{"start":{"line":122,"column":14},"end":{"line":122,"column":46}},"58":{"start":{"line":123,"column":2},"end":{"line":123,"column":46}},"59":{"start":{"line":111,"column":13},"end":{"line":111,"column":37}}},"fnMap":{"0":{"name":"(anonymous_0)","decl":{"start":{"line":20,"column":0},"end":{"line":20,"column":13}},"loc":{"start":{"line":20,"column":0},"end":{"line":98,"column":null}}},"1":{"name":"WebSocketService","decl":{"start":{"line":21,"column":2},"end":{"line":21,"column":14}},"loc":{"start":{"line":21,"column":57},"end":{"line":24,"column":3}}},"2":{"name":"(anonymous_2)","decl":{"start":{"line":34,"column":2},"end":{"line":34,"column":9}},"loc":{"start":{"line":34,"column":2},"end":{"line":83,"column":3}}},"3":{"name":"(anonymous_3)","decl":{"start":{"line":38,"column":23},"end":{"line":38,"column":null}},"loc":{"start":{"line":38,"column":23},"end":{"line":40,"column":7}}},"4":{"name":"(anonymous_4)","decl":{"start":{"line":42,"column":26},"end":{"line":42,"column":27}},"loc":{"start":{"line":42,"column":32},"end":{"line":56,"column":7}}},"5":{"name":"(anonymous_5)","decl":{"start":{"line":58,"column":24},"end":{"line":58,"column":null}},"loc":{"start":{"line":58,"column":24},"end":{"line":62,"column":7}}},"6":{"name":"(anonymous_6)","decl":{"start":{"line":64,"column":24},"end":{"line":64,"column":null}},"loc":{"start":{"line":64,"column":24},"end":{"line":77,"column":7}}},"7":{"name":"(anonymous_7)","decl":{"start":{"line":73,"column":21},"end":{"line":73,"column":null}},"loc":{"start":{"line":73,"column":21},"end":{"line":75,"column":11}}},"8":{"name":"(anonymous_8)","decl":{"start":{"line":85,"column":2},"end":{"line":85,"column":12}},"loc":{"start":{"line":85,"column":2},"end":{"line":91,"column":3}}},"9":{"name":"(anonymous_9)","decl":{"start":{"line":93,"column":2},"end":{"line":93,"column":6}},"loc":{"start":{"line":93,"column":22},"end":{"line":97,"column":3}}},"10":{"name":"(anonymous_10)","decl":{"start":{"line":100,"column":36},"end":{"line":100,"column":null}},"loc":{"start":{"line":101,"column":32},"end":{"line":109,"column":1}}},"11":{"name":"(anonymous_11)","decl":{"start":{"line":111,"column":37},"end":{"line":111,"column":null}},"loc":{"start":{"line":112,"column":32},"end":{"line":124,"column":1}}}},"branchMap":{"0":{"loc":{"start":{"line":46,"column":10},"end":{"line":52,"column":11}},"type":"if","locations":[{"start":{"line":46,"column":10},"end":{"line":52,"column":11}}]},"1":{"loc":{"start":{"line":46,"column":14},"end":{"line":46,"column":41}},"type":"binary-expr","locations":[{"start":{"line":46,"column":14},"end":{"line":46,"column":26}},{"start":{"line":46,"column":30},"end":{"line":46,"column":41}}]},"2":{"loc":{"start":{"line":49,"column":21},"end":{"line":49,"column":36}},"type":"cond-expr","locations":[{"start":{"line":49,"column":31},"end":{"line":49,"column":35}},{"start":{"line":49,"column":35},"end":{"line":49,"column":36}}]},"3":{"loc":{"start":{"line":49,"column":21},"end":{"line":49,"column":35}},"type":"binary-expr","locations":[{"start":{"line":49,"column":21},"end":{"line":49,"column":35}},{"start":{"line":49,"column":31},"end":{"line":49,"column":35}}]},"4":{"loc":{"start":{"line":50,"column":26},"end":{"line":50,"column":46}},"type":"cond-expr","locations":[{"start":{"line":50,"column":41},"end":{"line":50,"column":45}},{"start":{"line":50,"column":45},"end":{"line":50,"column":46}}]},"5":{"loc":{"start":{"line":50,"column":26},"end":{"line":50,"column":45}},"type":"binary-expr","locations":[{"start":{"line":50,"column":26},"end":{"line":50,"column":45}},{"start":{"line":50,"column":41},"end":{"line":50,"column":45}}]},"6":{"loc":{"start":{"line":59,"column":8},"end":{"line":61,"column":9}},"type":"if","locations":[{"start":{"line":59,"column":8},"end":{"line":61,"column":9}}]},"7":{"loc":{"start":{"line":65,"column":8},"end":{"line":67,"column":9}},"type":"if","locations":[{"start":{"line":65,"column":8},"end":{"line":67,"column":9}}]},"8":{"loc":{"start":{"line":68,"column":8},"end":{"line":76,"column":9}},"type":"if","locations":[{"start":{"line":68,"column":8},"end":{"line":76,"column":9}}]},"9":{"loc":{"start":{"line":69,"column":10},"end":{"line":70,"column":60}},"type":"binary-expr","locations":[{"start":{"line":69,"column":10},"end":{"line":69,"column":30}},{"start":{"line":70,"column":10},"end":{"line":70,"column":60}}]},"10":{"loc":{"start":{"line":79,"column":6},"end":{"line":81,"column":7}},"type":"if","locations":[{"start":{"line":79,"column":6},"end":{"line":81,"column":7}}]},"11":{"loc":{"start":{"line":87,"column":4},"end":{"line":90,"column":5}},"type":"if","locations":[{"start":{"line":87,"column":4},"end":{"line":90,"column":5}}]},"12":{"loc":{"start":{"line":94,"column":4},"end":{"line":96,"column":5}},"type":"if","locations":[{"start":{"line":94,"column":4},"end":{"line":96,"column":5}}]},"13":{"loc":{"start":{"line":94,"column":8},"end":{"line":94,"column":56}},"type":"binary-expr","locations":[{"start":{"line":94,"column":8},"end":{"line":94,"column":15}},{"start":{"line":94,"column":19},"end":{"line":94,"column":56}}]},"14":{"loc":{"start":{"line":103,"column":2},"end":{"line":105,"column":3}},"type":"if","locations":[{"start":{"line":103,"column":2},"end":{"line":105,"column":3}}]},"15":{"loc":{"start":{"line":114,"column":2},"end":{"line":116,"column":3}},"type":"if","locations":[{"start":{"line":114,"column":2},"end":{"line":116,"column":3}}]},"16":{"loc":{"start":{"line":118,"column":2},"end":{"line":120,"column":3}},"type":"if","locations":[{"start":{"line":118,"column":2},"end":{"line":120,"column":3}}]}},"s":{"0":0,"1":0,"2":0,"3":0,"4":0,"5":0,"6":0,"7":0,"8":0,"9":0,"10":0,"11":0,"12":0,"13":0,"14":0,"15":0,"16":0,"17":0,"18":0,"19":0,"20":0,"21":0,"22":0,"23":0,"24":0,"25":0,"26":0,"27":0,"28":0,"29":0,"30":0,"31":0,"32":0,"33":0,"34":0,"35":0,"36":0,"37":0,"38":0,"39":0,"40":0,"41":0,"42":0,"43":0,"44":0,"45":0,"46":0,"47":0,"48":0,"49":0,"50":0,"51":0,"52":0,"53":0,"54":0,"55":0,"56":0,"57":0,"58":0,"59":0},"f":{"0":0,"1":0,"2":0,"3":0,"4":0,"5":0,"6":0,"7":0,"8":0,"9":0,"10":0,"11":0},"b":{"0":[0],"1":[0,0],"2":[0,0],"3":[0,0],"4":[0,0],"5":[0,0],"6":[0],"7":[0],"8":[0],"9":[0,0],"10":[0],"11":[0],"12":[0],"13":[0,0],"14":[0],"15":[0],"16":[0]}}
}
